2025-06-05 09:08:06,530 - INFO - root - Логирование по дням инициализировано.
2025-06-05 09:17:06,927 - INFO - requests - Запрос: GET /home/logout/
2025-06-05 09:17:06,928 - INFO - requests - Ответ: GET /home/logout/ - статус 303
2025-06-05 09:17:07,406 - INFO - requests - Запрос: GET /home/login_in/
2025-06-05 09:17:07,415 - INFO - Routers.auth - Выводим страницу с логином
2025-06-05 09:17:08,049 - INFO - requests - Ответ: GET /home/login_in/ - статус 200
2025-06-05 09:17:13,148 - INFO - requests - Запрос: GET /home/login_in/
2025-06-05 09:17:13,149 - INFO - Routers.auth - Выводим страницу с логином
2025-06-05 09:17:13,149 - INFO - requests - Ответ: GET /home/login_in/ - статус 200
2025-06-05 09:17:13,926 - INFO - requests - Запрос: POST /home/login_in/
2025-06-05 09:17:14,216 - INFO - requests - Ответ: POST /home/login_in/ - статус 303
2025-06-05 09:17:14,347 - INFO - requests - Запрос: GET /
2025-06-05 09:17:14,349 - INFO - Routers.auth - [10.8.0.1] Студент obeginin открыл корневую страницу
2025-06-05 09:17:14,384 - INFO - requests - Ответ: GET / - статус 200
2025-06-05 09:17:14,536 - INFO - requests - Запрос: GET /static/scripts.js
2025-06-05 09:17:14,537 - INFO - requests - Запрос: GET /static/styles.css
2025-06-05 09:17:14,552 - INFO - requests - Ответ: GET /static/scripts.js - статус 304
2025-06-05 09:17:14,553 - INFO - requests - Ответ: GET /static/styles.css - статус 304
2025-06-05 09:18:14,701 - INFO - requests - Запрос: GET /
2025-06-05 09:18:14,702 - INFO - Routers.auth - [10.8.0.1] Неавторизованный доступ к / — выполняется редирект на страницу входа
2025-06-05 09:18:14,702 - INFO - requests - Ответ: GET / - статус 302
2025-06-05 09:18:14,960 - INFO - requests - Запрос: GET /home/login_in/
2025-06-05 09:18:14,960 - INFO - Routers.auth - Выводим страницу с логином
2025-06-05 09:18:14,961 - INFO - requests - Ответ: GET /home/login_in/ - статус 200
2025-06-05 09:18:15,689 - INFO - requests - Запрос: GET /favicon.ico
2025-06-05 09:18:15,689 - INFO - requests - Ответ: GET /favicon.ico - статус 404
2025-06-05 09:18:16,236 - INFO - requests - Запрос: GET /favicon.ico
2025-06-05 09:18:16,236 - INFO - requests - Ответ: GET /favicon.ico - статус 404
2025-06-05 09:35:31,400 - INFO - requests - Запрос: GET /wp-admin/setup-config.php
2025-06-05 09:35:31,401 - INFO - requests - Ответ: GET /wp-admin/setup-config.php - статус 404
2025-06-05 09:36:50,440 - INFO - requests - Запрос: GET /wordpress/wp-admin/setup-config.php
2025-06-05 09:36:50,440 - INFO - requests - Ответ: GET /wordpress/wp-admin/setup-config.php - статус 404
2025-06-05 09:36:54,936 - INFO - requests - Запрос: GET /wordpress/wp-admin/setup-config.php
2025-06-05 09:36:54,936 - INFO - requests - Ответ: GET /wordpress/wp-admin/setup-config.php - статус 404
2025-06-05 09:37:13,815 - INFO - requests - Запрос: GET /wp-admin/setup-config.php
2025-06-05 09:37:13,815 - INFO - requests - Ответ: GET /wp-admin/setup-config.php - статус 404
2025-06-05 09:52:47,334 - INFO - requests - Запрос: GET /wp-admin/setup-config.php
2025-06-05 09:52:47,334 - INFO - requests - Ответ: GET /wp-admin/setup-config.php - статус 404
2025-06-05 09:54:18,041 - INFO - requests - Запрос: GET /wordpress/wp-admin/setup-config.php
2025-06-05 09:54:18,041 - INFO - requests - Ответ: GET /wordpress/wp-admin/setup-config.php - статус 404
2025-06-05 09:54:53,004 - INFO - requests - Запрос: GET /wordpress/wp-admin/setup-config.php
2025-06-05 09:54:53,004 - INFO - requests - Ответ: GET /wordpress/wp-admin/setup-config.php - статус 404
2025-06-05 09:55:52,104 - INFO - requests - Запрос: GET /wp-admin/setup-config.php
2025-06-05 09:55:52,104 - INFO - requests - Ответ: GET /wp-admin/setup-config.php - статус 404
2025-06-05 10:11:48,066 - INFO - requests - Запрос: GET /wordpress/wp-admin/setup-config.php
2025-06-05 10:11:48,067 - INFO - requests - Ответ: GET /wordpress/wp-admin/setup-config.php - статус 404
2025-06-05 10:12:43,405 - INFO - requests - Запрос: GET /robots.txt
2025-06-05 10:12:43,406 - INFO - requests - Ответ: GET /robots.txt - статус 404
2025-06-05 10:12:46,183 - INFO - requests - Запрос: GET /wp-admin/setup-config.php
2025-06-05 10:12:46,183 - INFO - requests - Ответ: GET /wp-admin/setup-config.php - статус 404
2025-06-05 10:13:38,419 - INFO - requests - Запрос: GET /wp-admin/setup-config.php
2025-06-05 10:13:38,420 - INFO - requests - Ответ: GET /wp-admin/setup-config.php - статус 404
2025-06-05 10:14:13,642 - INFO - requests - Запрос: GET /wordpress/wp-admin/setup-config.php
2025-06-05 10:14:13,642 - INFO - requests - Ответ: GET /wordpress/wp-admin/setup-config.php - статус 404
2025-06-05 10:30:12,486 - INFO - requests - Запрос: GET /wp-admin/setup-config.php
2025-06-05 10:30:12,487 - INFO - requests - Ответ: GET /wp-admin/setup-config.php - статус 404
2025-06-05 10:30:20,670 - INFO - requests - Запрос: GET /.env
2025-06-05 10:30:20,670 - INFO - requests - Ответ: GET /.env - статус 404
2025-06-05 10:30:22,446 - INFO - requests - Запрос: GET /wp-admin/setup-config.php
2025-06-05 10:30:22,446 - INFO - requests - Ответ: GET /wp-admin/setup-config.php - статус 404
2025-06-05 10:31:58,891 - INFO - requests - Запрос: GET /wordpress/wp-admin/setup-config.php
2025-06-05 10:31:58,891 - INFO - requests - Ответ: GET /wordpress/wp-admin/setup-config.php - статус 404
2025-06-05 10:32:49,486 - INFO - requests - Запрос: GET /.env
2025-06-05 10:32:49,487 - INFO - requests - Ответ: GET /.env - статус 404
2025-06-05 10:33:10,549 - INFO - requests - Запрос: GET /wordpress/wp-admin/setup-config.php
2025-06-05 10:33:10,549 - INFO - requests - Ответ: GET /wordpress/wp-admin/setup-config.php - статус 404
2025-06-05 10:33:36,435 - INFO - requests - Запрос: GET /wp-admin/setup-config.php
2025-06-05 10:33:36,435 - INFO - requests - Ответ: GET /wp-admin/setup-config.php - статус 404
2025-06-05 10:50:14,680 - INFO - requests - Запрос: GET /wordpress/wp-admin/setup-config.php
2025-06-05 10:50:14,680 - INFO - requests - Ответ: GET /wordpress/wp-admin/setup-config.php - статус 404
2025-06-05 10:50:24,432 - INFO - requests - Запрос: GET /wp-admin/setup-config.php
2025-06-05 10:50:24,433 - INFO - requests - Ответ: GET /wp-admin/setup-config.php - статус 404
2025-06-05 10:50:34,901 - INFO - requests - Запрос: GET /wordpress/wp-admin/setup-config.php
2025-06-05 10:50:34,902 - INFO - requests - Ответ: GET /wordpress/wp-admin/setup-config.php - статус 404
2025-06-05 10:51:55,391 - INFO - requests - Запрос: GET /wp-admin/setup-config.php
2025-06-05 10:51:55,392 - INFO - requests - Ответ: GET /wp-admin/setup-config.php - статус 404
2025-06-05 10:53:12,380 - INFO - requests - Запрос: GET /restore.php
2025-06-05 10:53:12,380 - INFO - requests - Ответ: GET /restore.php - статус 404
2025-06-05 10:54:22,365 - INFO - requests - Запрос: GET /wordpress/wp-admin/setup-config.php
2025-06-05 10:54:22,366 - INFO - requests - Ответ: GET /wordpress/wp-admin/setup-config.php - статус 404
2025-06-05 11:04:10,592 - INFO - requests - Запрос: GET /wordpress/wp-admin/setup-config.php
2025-06-05 11:04:10,592 - INFO - requests - Ответ: GET /wordpress/wp-admin/setup-config.php - статус 404
2025-06-05 11:05:28,402 - INFO - requests - Запрос: GET /
2025-06-05 11:05:28,403 - INFO - Routers.auth - [10.8.0.1] Неавторизованный доступ к / — выполняется редирект на страницу входа
2025-06-05 11:05:28,404 - INFO - requests - Ответ: GET / - статус 302
2025-06-05 11:05:30,992 - INFO - requests - Запрос: GET /home/login_in/
2025-06-05 11:05:30,992 - INFO - Routers.auth - Выводим страницу с логином
2025-06-05 11:05:30,993 - INFO - requests - Ответ: GET /home/login_in/ - статус 200
2025-06-05 11:05:31,548 - INFO - requests - Запрос: GET /home/login_in/favicon.ico
2025-06-05 11:05:31,549 - INFO - requests - Ответ: GET /home/login_in/favicon.ico - статус 404
2025-06-05 11:05:38,000 - INFO - requests - Запрос: GET /wordpress/wp-admin/setup-config.php
2025-06-05 11:05:38,000 - INFO - requests - Ответ: GET /wordpress/wp-admin/setup-config.php - статус 404
2025-06-05 11:05:53,521 - INFO - requests - Запрос: GET /wp-admin/setup-config.php
2025-06-05 11:05:53,522 - INFO - requests - Ответ: GET /wp-admin/setup-config.php - статус 404
2025-06-05 11:05:58,343 - INFO - requests - Запрос: GET /wp-admin/setup-config.php
2025-06-05 11:05:58,344 - INFO - requests - Ответ: GET /wp-admin/setup-config.php - статус 404
2025-06-05 11:22:35,332 - INFO - requests - Запрос: GET /wp-admin/setup-config.php
2025-06-05 11:22:35,332 - INFO - requests - Ответ: GET /wp-admin/setup-config.php - статус 404
2025-06-05 11:24:45,662 - INFO - requests - Запрос: GET /wp-admin/setup-config.php
2025-06-05 11:24:45,662 - INFO - requests - Ответ: GET /wp-admin/setup-config.php - статус 404
2025-06-05 11:25:36,899 - INFO - requests - Запрос: GET /wordpress/wp-admin/setup-config.php
2025-06-05 11:25:36,900 - INFO - requests - Ответ: GET /wordpress/wp-admin/setup-config.php - статус 404
2025-06-05 11:26:13,340 - INFO - requests - Запрос: GET /wordpress/wp-admin/setup-config.php
2025-06-05 11:26:13,341 - INFO - requests - Ответ: GET /wordpress/wp-admin/setup-config.php - статус 404
2025-06-05 11:28:52,673 - INFO - requests - Запрос: GET /
2025-06-05 11:28:52,673 - INFO - Routers.auth - [10.8.0.1] Неавторизованный доступ к / — выполняется редирект на страницу входа
2025-06-05 11:28:52,674 - INFO - requests - Ответ: GET / - статус 302
2025-06-05 11:28:52,832 - INFO - requests - Запрос: GET /home/login_in/
2025-06-05 11:28:52,832 - INFO - Routers.auth - Выводим страницу с логином
2025-06-05 11:28:52,832 - INFO - requests - Ответ: GET /home/login_in/ - статус 200
2025-06-05 11:34:38,625 - INFO - requests - Запрос: GET /
2025-06-05 11:34:38,625 - INFO - Routers.auth - [10.8.0.1] Неавторизованный доступ к / — выполняется редирект на страницу входа
2025-06-05 11:34:38,626 - INFO - requests - Ответ: GET / - статус 302
2025-06-05 11:34:48,678 - INFO - requests - Запрос: GET /home/login_in/
2025-06-05 11:34:48,678 - INFO - Routers.auth - Выводим страницу с логином
2025-06-05 11:34:48,678 - INFO - requests - Ответ: GET /home/login_in/ - статус 200
2025-06-05 11:34:49,145 - INFO - requests - Запрос: GET /favicon.ico
2025-06-05 11:34:49,145 - INFO - requests - Ответ: GET /favicon.ico - статус 404
2025-06-05 11:34:52,851 - INFO - requests - Запрос: GET /favicon.ico
2025-06-05 11:34:52,851 - INFO - requests - Ответ: GET /favicon.ico - статус 404
2025-06-05 11:34:56,551 - INFO - requests - Запрос: GET /wiki
2025-06-05 11:34:56,551 - INFO - requests - Ответ: GET /wiki - статус 404
2025-06-05 11:34:57,028 - INFO - requests - Запрос: GET /favicon.ico
2025-06-05 11:34:57,028 - INFO - requests - Ответ: GET /favicon.ico - статус 404
2025-06-05 11:39:34,818 - INFO - requests - Запрос: GET /
2025-06-05 11:39:34,819 - INFO - Routers.auth - [10.8.0.1] Неавторизованный доступ к / — выполняется редирект на страницу входа
2025-06-05 11:39:34,819 - INFO - requests - Ответ: GET / - статус 302
2025-06-05 11:39:35,040 - INFO - requests - Запрос: GET /home/login_in/
2025-06-05 11:39:35,040 - INFO - Routers.auth - Выводим страницу с логином
2025-06-05 11:39:35,040 - INFO - requests - Ответ: GET /home/login_in/ - статус 200
2025-06-05 11:41:12,514 - INFO - requests - Запрос: GET /wordpress/wp-admin/setup-config.php
2025-06-05 11:41:12,514 - INFO - requests - Ответ: GET /wordpress/wp-admin/setup-config.php - статус 404
2025-06-05 11:44:15,874 - INFO - requests - Запрос: GET /wp-admin/setup-config.php
2025-06-05 11:44:15,874 - INFO - requests - Ответ: GET /wp-admin/setup-config.php - статус 404
2025-06-05 11:44:31,034 - INFO - requests - Запрос: GET /wordpress/wp-admin/setup-config.php
2025-06-05 11:44:31,034 - INFO - requests - Ответ: GET /wordpress/wp-admin/setup-config.php - статус 404
2025-06-05 11:44:55,629 - INFO - requests - Запрос: GET /wp-admin/setup-config.php
2025-06-05 11:44:55,629 - INFO - requests - Ответ: GET /wp-admin/setup-config.php - статус 404
2025-06-05 12:04:21,558 - INFO - requests - Запрос: POST /xmlrpc.php
2025-06-05 12:04:21,558 - INFO - requests - Ответ: POST /xmlrpc.php - статус 404
2025-06-05 12:05:10,327 - INFO - requests - Запрос: POST /xmlrpc.php
2025-06-05 12:05:10,327 - INFO - requests - Ответ: POST /xmlrpc.php - статус 404
2025-06-05 12:05:26,657 - INFO - requests - Запрос: POST /xmlrpc.php
2025-06-05 12:05:26,657 - INFO - requests - Ответ: POST /xmlrpc.php - статус 404
2025-06-05 12:06:05,852 - INFO - requests - Запрос: GET /wordpress/wp-admin/setup-config.php
2025-06-05 12:06:05,853 - INFO - requests - Ответ: GET /wordpress/wp-admin/setup-config.php - статус 404
2025-06-05 12:06:10,261 - INFO - requests - Запрос: GET /wp-admin/setup-config.php
2025-06-05 12:06:10,262 - INFO - requests - Ответ: GET /wp-admin/setup-config.php - статус 404
2025-06-05 12:06:19,940 - INFO - requests - Запрос: GET /wordpress/wp-admin/setup-config.php
2025-06-05 12:06:19,941 - INFO - requests - Ответ: GET /wordpress/wp-admin/setup-config.php - статус 404
2025-06-05 12:06:25,249 - INFO - requests - Запрос: GET /wp-admin/setup-config.php
2025-06-05 12:06:25,249 - INFO - requests - Ответ: GET /wp-admin/setup-config.php - статус 404
2025-06-05 12:22:16,765 - INFO - requests - Запрос: GET /wp-admin/setup-config.php
2025-06-05 12:22:16,765 - INFO - requests - Ответ: GET /wp-admin/setup-config.php - статус 404
2025-06-05 12:25:06,409 - INFO - requests - Запрос: GET /wp-admin/setup-config.php
2025-06-05 12:25:06,409 - INFO - requests - Ответ: GET /wp-admin/setup-config.php - статус 404
2025-06-05 12:25:07,521 - INFO - requests - Запрос: GET /.env
2025-06-05 12:25:07,521 - INFO - requests - Ответ: GET /.env - статус 404
2025-06-05 12:25:46,034 - INFO - requests - Запрос: GET /wordpress/wp-admin/setup-config.php
2025-06-05 12:25:46,035 - INFO - requests - Ответ: GET /wordpress/wp-admin/setup-config.php - статус 404
2025-06-05 12:26:19,596 - INFO - requests - Запрос: GET /wordpress/wp-admin/setup-config.php
2025-06-05 12:26:19,596 - INFO - requests - Ответ: GET /wordpress/wp-admin/setup-config.php - статус 404
2025-06-05 12:26:24,782 - INFO - requests - Запрос: GET /wp-admin/setup-config.php
2025-06-05 12:26:24,782 - INFO - requests - Ответ: GET /wp-admin/setup-config.php - статус 404
2025-06-05 12:40:05,746 - INFO - requests - Запрос: GET /login
2025-06-05 12:40:05,747 - INFO - requests - Ответ: GET /login - статус 404
2025-06-05 12:42:34,342 - INFO - requests - Запрос: GET /wordpress/wp-admin/setup-config.php
2025-06-05 12:42:34,342 - INFO - requests - Ответ: GET /wordpress/wp-admin/setup-config.php - статус 404
2025-06-05 12:43:10,393 - INFO - requests - Запрос: GET /wp-admin/setup-config.php
2025-06-05 12:43:10,393 - INFO - requests - Ответ: GET /wp-admin/setup-config.php - статус 404
2025-06-05 12:44:22,108 - INFO - requests - Запрос: GET /wp-admin/setup-config.php
2025-06-05 12:44:22,108 - INFO - requests - Ответ: GET /wp-admin/setup-config.php - статус 404
2025-06-05 12:45:18,264 - INFO - requests - Запрос: GET /wordpress/wp-admin/setup-config.php
2025-06-05 12:45:18,264 - INFO - requests - Ответ: GET /wordpress/wp-admin/setup-config.php - статус 404
2025-06-05 12:46:37,501 - INFO - requests - Запрос: GET //wp-includes/ID3/license.txt
2025-06-05 12:46:37,501 - INFO - requests - Ответ: GET //wp-includes/ID3/license.txt - статус 404
2025-06-05 12:46:37,796 - INFO - requests - Запрос: GET //feed/
2025-06-05 12:46:37,796 - INFO - requests - Ответ: GET //feed/ - статус 404
2025-06-05 12:46:38,090 - INFO - requests - Запрос: GET //xmlrpc.php
2025-06-05 12:46:38,091 - INFO - requests - Ответ: GET //xmlrpc.php - статус 404
2025-06-05 12:46:38,385 - INFO - requests - Запрос: GET //blog/wp-includes/wlwmanifest.xml
2025-06-05 12:46:38,385 - INFO - requests - Ответ: GET //blog/wp-includes/wlwmanifest.xml - статус 404
2025-06-05 12:46:38,680 - INFO - requests - Запрос: GET //web/wp-includes/wlwmanifest.xml
2025-06-05 12:46:38,680 - INFO - requests - Ответ: GET //web/wp-includes/wlwmanifest.xml - статус 404
2025-06-05 12:46:38,975 - INFO - requests - Запрос: GET //wordpress/wp-includes/wlwmanifest.xml
2025-06-05 12:46:38,975 - INFO - requests - Ответ: GET //wordpress/wp-includes/wlwmanifest.xml - статус 404
2025-06-05 12:46:39,269 - INFO - requests - Запрос: GET //wp/wp-includes/wlwmanifest.xml
2025-06-05 12:46:39,269 - INFO - requests - Ответ: GET //wp/wp-includes/wlwmanifest.xml - статус 404
2025-06-05 12:46:39,563 - INFO - requests - Запрос: GET //2020/wp-includes/wlwmanifest.xml
2025-06-05 12:46:39,564 - INFO - requests - Ответ: GET //2020/wp-includes/wlwmanifest.xml - статус 404
2025-06-05 12:46:39,858 - INFO - requests - Запрос: GET //2019/wp-includes/wlwmanifest.xml
2025-06-05 12:46:39,858 - INFO - requests - Ответ: GET //2019/wp-includes/wlwmanifest.xml - статус 404
2025-06-05 12:46:40,177 - INFO - requests - Запрос: GET //2021/wp-includes/wlwmanifest.xml
2025-06-05 12:46:40,177 - INFO - requests - Ответ: GET //2021/wp-includes/wlwmanifest.xml - статус 404
2025-06-05 12:46:40,479 - INFO - requests - Запрос: GET //shop/wp-includes/wlwmanifest.xml
2025-06-05 12:46:40,479 - INFO - requests - Ответ: GET //shop/wp-includes/wlwmanifest.xml - статус 404
2025-06-05 12:46:40,774 - INFO - requests - Запрос: GET //wp1/wp-includes/wlwmanifest.xml
2025-06-05 12:46:40,774 - INFO - requests - Ответ: GET //wp1/wp-includes/wlwmanifest.xml - статус 404
2025-06-05 12:46:41,068 - INFO - requests - Запрос: GET //test/wp-includes/wlwmanifest.xml
2025-06-05 12:46:41,068 - INFO - requests - Ответ: GET //test/wp-includes/wlwmanifest.xml - статус 404
2025-06-05 12:46:41,362 - INFO - requests - Запрос: GET //site/wp-includes/wlwmanifest.xml
2025-06-05 12:46:41,362 - INFO - requests - Ответ: GET //site/wp-includes/wlwmanifest.xml - статус 404
2025-06-05 12:46:41,657 - INFO - requests - Запрос: GET //cms/wp-includes/wlwmanifest.xml
2025-06-05 12:46:41,657 - INFO - requests - Ответ: GET //cms/wp-includes/wlwmanifest.xml - статус 404
2025-06-05 12:47:16,464 - INFO - requests - Запрос: GET /wordpress/wp-admin/setup-config.php
2025-06-05 12:47:16,465 - INFO - requests - Ответ: GET /wordpress/wp-admin/setup-config.php - статус 404
2025-06-05 12:55:30,375 - INFO - requests - Запрос: GET /
2025-06-05 12:55:30,376 - INFO - Routers.auth - [10.8.0.1] Неавторизованный доступ к / — выполняется редирект на страницу входа
2025-06-05 12:55:30,376 - INFO - requests - Ответ: GET / - статус 302
2025-06-05 12:55:30,868 - INFO - requests - Запрос: GET /home/login_in/
2025-06-05 12:55:30,868 - INFO - Routers.auth - Выводим страницу с логином
2025-06-05 12:55:30,868 - INFO - requests - Ответ: GET /home/login_in/ - статус 200
2025-06-05 12:56:24,071 - INFO - requests - Запрос: GET /admin/assets/js/pbxlib.js
2025-06-05 12:56:24,072 - INFO - requests - Ответ: GET /admin/assets/js/pbxlib.js - статус 404
2025-06-05 12:57:14,980 - INFO - requests - Запрос: GET /.git/config
2025-06-05 12:57:14,981 - INFO - requests - Ответ: GET /.git/config - статус 404
2025-06-05 13:02:14,223 - INFO - requests - Запрос: GET /wp-admin/setup-config.php
2025-06-05 13:02:14,224 - INFO - requests - Ответ: GET /wp-admin/setup-config.php - статус 404
2025-06-05 13:02:47,420 - INFO - requests - Запрос: GET /store/public/assets/auth/img/logo.png
2025-06-05 13:02:47,420 - INFO - requests - Ответ: GET /store/public/assets/auth/img/logo.png - статус 404
2025-06-05 13:03:04,086 - INFO - requests - Запрос: GET /wp-admin/setup-config.php
2025-06-05 13:03:04,086 - INFO - requests - Ответ: GET /wp-admin/setup-config.php - статус 404
2025-06-05 13:04:05,216 - INFO - requests - Запрос: GET /wordpress/wp-admin/setup-config.php
2025-06-05 13:04:05,216 - INFO - requests - Ответ: GET /wordpress/wp-admin/setup-config.php - статус 404
2025-06-05 13:05:27,733 - INFO - requests - Запрос: GET /wordpress/wp-admin/setup-config.php
2025-06-05 13:05:27,733 - INFO - requests - Ответ: GET /wordpress/wp-admin/setup-config.php - статус 404
2025-06-05 13:05:57,058 - INFO - requests - Запрос: GET /
2025-06-05 13:05:57,059 - INFO - Routers.auth - [10.8.0.1] Неавторизованный доступ к / — выполняется редирект на страницу входа
2025-06-05 13:05:57,059 - INFO - requests - Ответ: GET / - статус 302
2025-06-05 13:05:57,533 - INFO - requests - Запрос: GET /home/login_in/
2025-06-05 13:05:57,533 - INFO - Routers.auth - Выводим страницу с логином
2025-06-05 13:05:57,534 - INFO - requests - Ответ: GET /home/login_in/ - статус 200
2025-06-05 13:20:37,025 - INFO - requests - Запрос: GET /
2025-06-05 13:20:37,026 - INFO - Routers.auth - [10.8.0.1] Неавторизованный доступ к / — выполняется редирект на страницу входа
2025-06-05 13:20:37,026 - INFO - requests - Ответ: GET / - статус 302
2025-06-05 13:20:37,717 - INFO - requests - Запрос: GET /home/login_in/
2025-06-05 13:20:37,717 - INFO - Routers.auth - Выводим страницу с логином
2025-06-05 13:20:37,717 - INFO - requests - Ответ: GET /home/login_in/ - статус 200
2025-06-05 13:23:47,087 - INFO - requests - Запрос: GET /wp-admin/setup-config.php
2025-06-05 13:23:47,087 - INFO - requests - Ответ: GET /wp-admin/setup-config.php - статус 404
2025-06-05 13:24:56,935 - INFO - requests - Запрос: GET /wordpress/wp-admin/setup-config.php
2025-06-05 13:24:56,935 - INFO - requests - Ответ: GET /wordpress/wp-admin/setup-config.php - статус 404
2025-06-05 13:25:50,398 - INFO - requests - Запрос: GET /
2025-06-05 13:25:50,399 - INFO - Routers.auth - [10.8.0.1] Неавторизованный доступ к / — выполняется редирект на страницу входа
2025-06-05 13:25:50,399 - INFO - requests - Ответ: GET / - статус 302
2025-06-05 13:25:52,671 - INFO - requests - Запрос: GET /wp-admin/setup-config.php
2025-06-05 13:25:52,671 - INFO - requests - Ответ: GET /wp-admin/setup-config.php - статус 404
2025-06-05 13:26:01,647 - INFO - requests - Запрос: GET /.env
2025-06-05 13:26:01,647 - INFO - requests - Ответ: GET /.env - статус 404
2025-06-05 13:26:47,021 - INFO - requests - Запрос: GET /wordpress/wp-admin/setup-config.php
2025-06-05 13:26:47,021 - INFO - requests - Ответ: GET /wordpress/wp-admin/setup-config.php - статус 404
2025-06-05 13:28:36,127 - INFO - requests - Запрос: GET /restore.php
2025-06-05 13:28:36,127 - INFO - requests - Ответ: GET /restore.php - статус 404
2025-06-05 13:30:06,672 - INFO - requests - Запрос: GET /webui/
2025-06-05 13:30:06,672 - INFO - requests - Ответ: GET /webui/ - статус 404
2025-06-05 13:33:58,286 - INFO - requests - Запрос: GET /favicon.ico
2025-06-05 13:33:58,287 - INFO - requests - Ответ: GET /favicon.ico - статус 404
2025-06-05 13:35:46,328 - INFO - requests - Запрос: GET /
2025-06-05 13:35:46,329 - INFO - Routers.auth - [10.8.0.1] Неавторизованный доступ к / — выполняется редирект на страницу входа
2025-06-05 13:35:46,329 - INFO - requests - Ответ: GET / - статус 302
2025-06-05 13:36:49,266 - INFO - requests - Запрос: GET /
2025-06-05 13:36:49,267 - INFO - Routers.auth - [10.8.0.1] Неавторизованный доступ к / — выполняется редирект на страницу входа
2025-06-05 13:36:49,267 - INFO - requests - Ответ: GET / - статус 302
2025-06-05 13:36:49,920 - INFO - requests - Запрос: GET /home/login_in/
2025-06-05 13:36:49,920 - INFO - Routers.auth - Выводим страницу с логином
2025-06-05 13:36:49,920 - INFO - requests - Ответ: GET /home/login_in/ - статус 200
2025-06-05 13:37:20,131 - INFO - requests - Запрос: GET /
2025-06-05 13:37:20,131 - INFO - Routers.auth - [10.8.0.1] Неавторизованный доступ к / — выполняется редирект на страницу входа
2025-06-05 13:37:20,131 - INFO - requests - Ответ: GET / - статус 302
2025-06-05 13:37:20,970 - INFO - requests - Запрос: GET /home/login_in/
2025-06-05 13:37:20,971 - INFO - Routers.auth - Выводим страницу с логином
2025-06-05 13:37:20,971 - INFO - requests - Ответ: GET /home/login_in/ - статус 200
2025-06-05 13:37:40,569 - INFO - requests - Запрос: GET /favicon.ico
2025-06-05 13:37:40,569 - INFO - requests - Ответ: GET /favicon.ico - статус 404
2025-06-05 13:42:13,957 - INFO - requests - Запрос: GET /wordpress/wp-admin/setup-config.php
2025-06-05 13:42:13,957 - INFO - requests - Ответ: GET /wordpress/wp-admin/setup-config.php - статус 404
2025-06-05 13:42:41,685 - INFO - requests - Запрос: GET /wordpress/wp-admin/setup-config.php
2025-06-05 13:42:41,685 - INFO - requests - Ответ: GET /wordpress/wp-admin/setup-config.php - статус 404
2025-06-05 13:43:49,609 - INFO - requests - Запрос: GET /vpn/index.html
2025-06-05 13:43:49,609 - INFO - requests - Ответ: GET /vpn/index.html - статус 404
2025-06-05 13:44:29,107 - INFO - requests - Запрос: GET /wp-admin/setup-config.php
2025-06-05 13:44:29,107 - INFO - requests - Ответ: GET /wp-admin/setup-config.php - статус 404
2025-06-05 13:44:58,814 - INFO - requests - Запрос: GET /wp-admin/setup-config.php
2025-06-05 13:44:58,815 - INFO - requests - Ответ: GET /wp-admin/setup-config.php - статус 404
2025-06-05 13:47:46,663 - INFO - requests - Запрос: GET /.git/config
2025-06-05 13:47:46,664 - INFO - requests - Ответ: GET /.git/config - статус 404
2025-06-05 13:52:36,632 - INFO - requests - Запрос: GET /.env
2025-06-05 13:52:36,632 - INFO - requests - Ответ: GET /.env - статус 404
2025-06-05 14:02:18,206 - INFO - requests - Запрос: GET /wp-admin/setup-config.php
2025-06-05 14:02:18,206 - INFO - requests - Ответ: GET /wp-admin/setup-config.php - статус 404
2025-06-05 14:02:38,201 - INFO - requests - Запрос: GET /wordpress/wp-admin/setup-config.php
2025-06-05 14:02:38,201 - INFO - requests - Ответ: GET /wordpress/wp-admin/setup-config.php - статус 404
2025-06-05 14:04:13,006 - INFO - requests - Запрос: GET /wp-admin/setup-config.php
2025-06-05 14:04:13,007 - INFO - requests - Ответ: GET /wp-admin/setup-config.php - статус 404
2025-06-05 14:04:17,895 - INFO - requests - Запрос: GET /wordpress/wp-admin/setup-config.php
2025-06-05 14:04:17,896 - INFO - requests - Ответ: GET /wordpress/wp-admin/setup-config.php - статус 404
2025-06-05 14:14:05,697 - INFO - requests - Запрос: GET /.env
2025-06-05 14:14:05,698 - INFO - requests - Ответ: GET /.env - статус 404
2025-06-05 14:23:07,714 - INFO - requests - Запрос: GET /wordpress/wp-admin/setup-config.php
2025-06-05 14:23:07,715 - INFO - requests - Ответ: GET /wordpress/wp-admin/setup-config.php - статус 404
2025-06-05 14:23:22,183 - INFO - requests - Запрос: GET /wp-admin/setup-config.php
2025-06-05 14:23:22,183 - INFO - requests - Ответ: GET /wp-admin/setup-config.php - статус 404
2025-06-05 14:23:42,141 - INFO - requests - Запрос: GET /wordpress/wp-admin/setup-config.php
2025-06-05 14:23:42,141 - INFO - requests - Ответ: GET /wordpress/wp-admin/setup-config.php - статус 404
2025-06-05 14:24:07,654 - INFO - requests - Запрос: GET /wp-admin/setup-config.php
2025-06-05 14:24:07,654 - INFO - requests - Ответ: GET /wp-admin/setup-config.php - статус 404
2025-06-05 14:30:16,794 - INFO - requests - Запрос: GET /wp-login.php
2025-06-05 14:30:16,794 - INFO - requests - Ответ: GET /wp-login.php - статус 404
2025-06-05 14:34:16,113 - INFO - requests - Запрос: GET /
2025-06-05 14:34:16,113 - INFO - Routers.auth - [10.8.0.1] Неавторизованный доступ к / — выполняется редирект на страницу входа
2025-06-05 14:34:16,113 - INFO - requests - Ответ: GET / - статус 302
2025-06-05 14:34:16,722 - INFO - requests - Запрос: GET /home/login_in/
2025-06-05 14:34:16,723 - INFO - Routers.auth - Выводим страницу с логином
2025-06-05 14:34:16,723 - INFO - requests - Ответ: GET /home/login_in/ - статус 200
2025-06-05 14:41:55,798 - INFO - requests - Запрос: GET /wp-admin/setup-config.php
2025-06-05 14:41:55,798 - INFO - requests - Ответ: GET /wp-admin/setup-config.php - статус 404
2025-06-05 14:42:20,720 - INFO - requests - Запрос: GET /wp-admin/setup-config.php
2025-06-05 14:42:20,720 - INFO - requests - Ответ: GET /wp-admin/setup-config.php - статус 404
2025-06-05 14:42:59,531 - INFO - requests - Запрос: GET /wordpress/wp-admin/setup-config.php
2025-06-05 14:42:59,531 - INFO - requests - Ответ: GET /wordpress/wp-admin/setup-config.php - статус 404
2025-06-05 14:43:57,724 - INFO - requests - Запрос: GET /wordpress/wp-admin/setup-config.php
2025-06-05 14:43:57,724 - INFO - requests - Ответ: GET /wordpress/wp-admin/setup-config.php - статус 404
2025-06-05 14:49:09,505 - INFO - requests - Запрос: GET /
2025-06-05 14:49:09,506 - INFO - Routers.auth - [10.8.0.1] Неавторизованный доступ к / — выполняется редирект на страницу входа
2025-06-05 14:49:09,506 - INFO - requests - Ответ: GET / - статус 302
2025-06-05 15:00:03,191 - INFO - requests - Запрос: GET /
2025-06-05 15:00:03,193 - INFO - Routers.auth - [10.8.0.1] Неавторизованный доступ к / — выполняется редирект на страницу входа
2025-06-05 15:00:03,193 - INFO - requests - Ответ: GET / - статус 302
2025-06-05 15:01:20,161 - INFO - requests - Запрос: GET /wp-admin/setup-config.php
2025-06-05 15:01:20,161 - INFO - requests - Ответ: GET /wp-admin/setup-config.php - статус 404
2025-06-05 15:05:36,080 - INFO - root - Логирование по дням инициализировано.
2025-06-05 15:05:41,329 - INFO - requests - Запрос: GET /
2025-06-05 15:05:41,331 - INFO - Routers.auth - [10.8.0.1] Неавторизованный доступ к / — выполняется редирект на страницу входа
2025-06-05 15:05:41,331 - INFO - requests - Ответ: GET / - статус 302
2025-06-05 15:05:41,425 - INFO - requests - Запрос: GET /home/login_in/
2025-06-05 15:05:41,425 - INFO - Routers.auth - Выводим страницу с логином
2025-06-05 15:05:41,427 - INFO - requests - Ответ: GET /home/login_in/ - статус 200
2025-06-05 15:05:42,365 - INFO - requests - Запрос: POST /home/login_in/
2025-06-05 15:05:42,487 - INFO - requests - Ответ: POST /home/login_in/ - статус 303
2025-06-05 15:05:42,664 - INFO - requests - Запрос: GET /
2025-06-05 15:05:42,665 - INFO - Routers.auth - [10.8.0.1] Студент obeginin открыл корневую страницу
2025-06-05 15:05:42,668 - INFO - requests - Ответ: GET / - статус 200
2025-06-05 15:05:44,100 - INFO - requests - Запрос: GET /students_subtasks/StudentTasksByLogin/
2025-06-05 15:05:44,102 - INFO - Routers.students - Вызван роут с получением задач всех студентов /students_subtasks/StudentTasksByLogin
2025-06-05 15:05:44,106 - INFO - root - Запускаем функцию с вызовом хранимки. StudentID:2, CompletionStatus:None TaskID:None  SortColumn:StudentTaskID SortDirection: ASC Description: None
2025-06-05 15:05:44,121 - WARNING - root - ПАРАМЕТРЫ: StudentID=2
2025-06-05 15:05:44,152 - INFO - requests - Ответ: GET /students_subtasks/StudentTasksByLogin/ - статус 200
2025-06-05 15:06:52,662 - INFO - requests - Запрос: GET /_static/.env
2025-06-05 15:06:52,662 - INFO - requests - Ответ: GET /_static/.env - статус 404
2025-06-05 15:16:24,758 - INFO - requests - Запрос: GET /actuator/gateway/routes
2025-06-05 15:16:24,759 - INFO - requests - Ответ: GET /actuator/gateway/routes - статус 404
2025-06-05 15:20:07,097 - INFO - requests - Запрос: GET /wordpress/wp-admin/setup-config.php
2025-06-05 15:20:07,097 - INFO - requests - Ответ: GET /wordpress/wp-admin/setup-config.php - статус 404
2025-06-05 15:20:16,476 - INFO - requests - Запрос: GET /wp-admin/setup-config.php
2025-06-05 15:20:16,477 - INFO - requests - Ответ: GET /wp-admin/setup-config.php - статус 404
2025-06-05 15:21:01,967 - INFO - requests - Запрос: GET /wp-admin/setup-config.php
2025-06-05 15:21:01,968 - INFO - requests - Ответ: GET /wp-admin/setup-config.php - статус 404
2025-06-05 15:23:24,574 - INFO - requests - Запрос: GET /wordpress/wp-admin/setup-config.php
2025-06-05 15:23:24,575 - INFO - requests - Ответ: GET /wordpress/wp-admin/setup-config.php - статус 404
2025-06-05 15:36:51,432 - INFO - requests - Запрос: GET /students_subtasks/StudentTasksByLogin/
2025-06-05 15:36:51,433 - INFO - Routers.students - Вызван роут с получением задач всех студентов /students_subtasks/StudentTasksByLogin
2025-06-05 15:36:51,434 - INFO - requests - Ответ: GET /students_subtasks/StudentTasksByLogin/ - статус 302
2025-06-05 15:36:51,605 - INFO - requests - Запрос: GET /home/login_in/
2025-06-05 15:36:51,606 - INFO - Routers.auth - Выводим страницу с логином
2025-06-05 15:36:51,606 - INFO - requests - Ответ: GET /home/login_in/ - статус 200
2025-06-05 15:36:51,852 - INFO - requests - Запрос: GET /favicon.ico
2025-06-05 15:36:51,852 - INFO - requests - Ответ: GET /favicon.ico - статус 404
2025-06-05 15:36:53,244 - INFO - requests - Запрос: POST /home/login_in/
2025-06-05 15:36:53,258 - INFO - requests - Ответ: POST /home/login_in/ - статус 303
2025-06-05 15:36:53,417 - INFO - requests - Запрос: GET /students_subtasks/StudentTasksByLogin/
2025-06-05 15:36:53,418 - INFO - Routers.students - Вызван роут с получением задач всех студентов /students_subtasks/StudentTasksByLogin
2025-06-05 15:36:53,420 - INFO - root - Запускаем функцию с вызовом хранимки. StudentID:4, CompletionStatus:None TaskID:None  SortColumn:StudentTaskID SortDirection: ASC Description: None
2025-06-05 15:36:53,425 - WARNING - root - ПАРАМЕТРЫ: StudentID=4
2025-06-05 15:36:53,427 - INFO - requests - Ответ: GET /students_subtasks/StudentTasksByLogin/ - статус 200
2025-06-05 15:36:53,728 - INFO - requests - Запрос: GET /static/styles.css
2025-06-05 15:36:53,738 - INFO - requests - Ответ: GET /static/styles.css - статус 304
2025-06-05 15:36:53,751 - INFO - requests - Запрос: GET /static/scripts.js
2025-06-05 15:36:53,751 - INFO - requests - Ответ: GET /static/scripts.js - статус 304
2025-06-05 15:37:35,688 - INFO - requests - Запрос: GET /students_subtasks/T/38
2025-06-05 15:37:35,688 - INFO - requests - Ответ: GET /students_subtasks/T/38 - статус 307
2025-06-05 15:37:35,909 - INFO - requests - Запрос: GET /students_subtasks/T/38/
2025-06-05 15:37:35,911 - WARNING - root - Вызываем роут read_student_all_subtasks с параметрами: StudentTaskID=38
2025-06-05 15:37:35,939 - INFO - requests - Ответ: GET /students_subtasks/T/38/ - статус 200
2025-06-05 15:37:36,200 - INFO - requests - Запрос: GET /Uploads/images/task_6_sub_1.PNG
2025-06-05 15:37:36,201 - INFO - requests - Ответ: GET /Uploads/images/task_6_sub_1.PNG - статус 200
2025-06-05 15:38:18,777 - INFO - requests - Запрос: GET /students_subtasks/T/108
2025-06-05 15:38:18,778 - INFO - requests - Ответ: GET /students_subtasks/T/108 - статус 307
2025-06-05 15:38:19,000 - INFO - requests - Запрос: GET /students_subtasks/T/108/
2025-06-05 15:38:19,002 - WARNING - root - Вызываем роут read_student_all_subtasks с параметрами: StudentTaskID=108
2025-06-05 15:38:19,003 - INFO - requests - Ответ: GET /students_subtasks/T/108/ - статус 200
2025-06-05 15:38:19,253 - INFO - requests - Запрос: GET /Uploads/images/task_16_sub_1.PNG
2025-06-05 15:38:19,254 - INFO - requests - Ответ: GET /Uploads/images/task_16_sub_1.PNG - статус 200
2025-06-05 15:39:09,591 - INFO - requests - Запрос: GET /Uploads/solutions/solution_task_1_sub_1.
2025-06-05 15:39:09,592 - INFO - requests - Ответ: GET /Uploads/solutions/solution_task_1_sub_1. - статус 404
2025-06-05 15:39:11,132 - INFO - requests - Запрос: GET /students_subtasks/StudentTasksByLogin/
2025-06-05 15:39:11,134 - INFO - Routers.students - Вызван роут с получением задач всех студентов /students_subtasks/StudentTasksByLogin
2025-06-05 15:39:11,135 - INFO - root - Запускаем функцию с вызовом хранимки. StudentID:2, CompletionStatus:None TaskID:None  SortColumn:StudentTaskID SortDirection: ASC Description: None
2025-06-05 15:39:11,141 - WARNING - root - ПАРАМЕТРЫ: StudentID=2
2025-06-05 15:39:11,142 - INFO - requests - Ответ: GET /students_subtasks/StudentTasksByLogin/ - статус 200
2025-06-05 15:39:14,772 - INFO - requests - Запрос: GET /subtasks/
2025-06-05 15:39:14,790 - INFO - requests - Ответ: GET /subtasks/ - статус 200
2025-06-05 15:39:15,029 - INFO - requests - Запрос: GET /subtasks/api/
2025-06-05 15:39:15,033 - INFO - requests - Ответ: GET /subtasks/api/ - статус 200
2025-06-05 15:39:18,378 - INFO - requests - Запрос: GET /subtasks/180
2025-06-05 15:39:18,396 - INFO - requests - Ответ: GET /subtasks/180 - статус 200
2025-06-05 15:39:18,617 - INFO - requests - Запрос: GET /subtasks/api/180
2025-06-05 15:39:18,619 - INFO - requests - Ответ: GET /subtasks/api/180 - статус 200
2025-06-05 15:39:18,918 - INFO - requests - Запрос: GET /Uploads/images/task_15_sub_7.png
2025-06-05 15:39:18,918 - INFO - requests - Ответ: GET /Uploads/images/task_15_sub_7.png - статус 304
2025-06-05 15:39:20,916 - INFO - requests - Запрос: GET /students_subtasks/StudentTasksByLogin/
2025-06-05 15:39:20,918 - INFO - Routers.students - Вызван роут с получением задач всех студентов /students_subtasks/StudentTasksByLogin
2025-06-05 15:39:20,919 - INFO - root - Запускаем функцию с вызовом хранимки. StudentID:2, CompletionStatus:None TaskID:None  SortColumn:StudentTaskID SortDirection: ASC Description: None
2025-06-05 15:39:20,924 - WARNING - root - ПАРАМЕТРЫ: StudentID=2
2025-06-05 15:39:20,926 - INFO - requests - Ответ: GET /students_subtasks/StudentTasksByLogin/ - статус 200
2025-06-05 15:39:25,051 - INFO - requests - Запрос: GET /students_subtasks/T/1254
2025-06-05 15:39:25,052 - INFO - requests - Ответ: GET /students_subtasks/T/1254 - статус 307
2025-06-05 15:39:25,145 - INFO - requests - Запрос: GET /students_subtasks/T/1254/
2025-06-05 15:39:25,147 - WARNING - root - Вызываем роут read_student_all_subtasks с параметрами: StudentTaskID=1254
2025-06-05 15:39:25,148 - INFO - requests - Ответ: GET /students_subtasks/T/1254/ - статус 200
2025-06-05 15:39:25,348 - INFO - requests - Запрос: GET /Uploads/solutions/solution_task_180_sub_7.png
2025-06-05 15:39:25,348 - INFO - requests - Ответ: GET /Uploads/solutions/solution_task_180_sub_7.png - статус 304
2025-06-05 15:40:23,303 - INFO - requests - Запрос: GET /students_subtasks/T/1254/
2025-06-05 15:40:23,305 - WARNING - root - Вызываем роут read_student_all_subtasks с параметрами: StudentTaskID=1254
2025-06-05 15:40:23,306 - INFO - requests - Ответ: GET /students_subtasks/T/1254/ - статус 200
2025-06-05 15:41:01,208 - INFO - requests - Запрос: GET /subtasks/
2025-06-05 15:41:01,210 - INFO - requests - Ответ: GET /subtasks/ - статус 200
2025-06-05 15:41:01,421 - INFO - requests - Запрос: GET /subtasks/api/
2025-06-05 15:41:01,424 - INFO - requests - Ответ: GET /subtasks/api/ - статус 200
2025-06-05 15:41:04,826 - INFO - requests - Запрос: GET /subtasks/180
2025-06-05 15:41:04,829 - INFO - requests - Ответ: GET /subtasks/180 - статус 200
2025-06-05 15:41:05,091 - INFO - requests - Запрос: GET /subtasks/api/180
2025-06-05 15:41:05,093 - INFO - requests - Ответ: GET /subtasks/api/180 - статус 200
2025-06-05 15:41:06,190 - INFO - requests - Запрос: GET /subtasks/edit/
2025-06-05 15:41:06,192 - INFO - Routers.tasks - Открываем страницу с редактированием задачи
2025-06-05 15:41:06,192 - INFO - Routers.tasks - Открываем страницу редактирования подзадачи ID=180
2025-06-05 15:41:06,215 - INFO - requests - Ответ: GET /subtasks/edit/ - статус 200
2025-06-05 15:41:09,678 - INFO - requests - Запрос: POST /subtasks/edit_form
2025-06-05 15:41:09,961 - INFO - Routers.tasks - Редактируем подзадачу ID=180
2025-06-05 15:41:09,966 - INFO - Routers.tasks - Решение сохранено как Uploads\solutions\solution_task_15_sub_8.png
2025-06-05 15:41:09,972 - INFO - requests - Ответ: POST /subtasks/edit_form - статус 303
2025-06-05 15:41:10,265 - INFO - requests - Запрос: GET /tasks/15
2025-06-05 15:41:10,283 - INFO - requests - Ответ: GET /tasks/15 - статус 200
2025-06-05 15:41:10,483 - INFO - requests - Запрос: GET /tasks/api/15
2025-06-05 15:41:10,489 - INFO - requests - Ответ: GET /tasks/api/15 - статус 200
2025-06-05 15:41:10,506 - INFO - requests - Запрос: GET /subtasks/api/TaskID/15
2025-06-05 15:41:10,508 - INFO - requests - Ответ: GET /subtasks/api/TaskID/15 - статус 200
2025-06-05 15:41:44,949 - INFO - requests - Запрос: GET /tasks
2025-06-05 15:41:44,949 - INFO - requests - Ответ: GET /tasks - статус 307
2025-06-05 15:41:45,107 - INFO - requests - Запрос: GET /tasks/
2025-06-05 15:41:45,124 - INFO - requests - Ответ: GET /tasks/ - статус 200
2025-06-05 15:41:45,331 - INFO - requests - Запрос: GET /tasks/api/
2025-06-05 15:41:45,333 - INFO - requests - Ответ: GET /tasks/api/ - статус 200
2025-06-05 15:41:53,695 - INFO - requests - Запрос: GET /tasks/
2025-06-05 15:41:53,698 - INFO - requests - Ответ: GET /tasks/ - статус 200
2025-06-05 15:41:53,947 - INFO - requests - Запрос: GET /tasks/api/
2025-06-05 15:41:53,949 - INFO - requests - Ответ: GET /tasks/api/ - статус 200
2025-06-05 15:42:43,833 - INFO - requests - Запрос: GET /wordpress/wp-admin/setup-config.php
2025-06-05 15:42:43,833 - INFO - requests - Ответ: GET /wordpress/wp-admin/setup-config.php - статус 404
2025-06-05 15:43:54,854 - INFO - requests - Запрос: GET /subtasks/
2025-06-05 15:43:54,856 - INFO - requests - Ответ: GET /subtasks/ - статус 200
2025-06-05 15:43:55,123 - INFO - requests - Запрос: GET /subtasks/api/
2025-06-05 15:43:55,126 - INFO - requests - Ответ: GET /subtasks/api/ - статус 200
2025-06-05 15:44:00,771 - INFO - requests - Запрос: GET /tasks/
2025-06-05 15:44:00,773 - INFO - requests - Ответ: GET /tasks/ - статус 200
2025-06-05 15:44:01,029 - INFO - requests - Запрос: GET /tasks/api/
2025-06-05 15:44:01,030 - INFO - requests - Ответ: GET /tasks/api/ - статус 200
2025-06-05 15:44:02,288 - INFO - requests - Запрос: GET /tasks/8
2025-06-05 15:44:02,291 - INFO - requests - Ответ: GET /tasks/8 - статус 200
2025-06-05 15:44:02,492 - INFO - requests - Запрос: GET /tasks/api/8
2025-06-05 15:44:02,495 - INFO - requests - Ответ: GET /tasks/api/8 - статус 200
2025-06-05 15:44:02,515 - INFO - requests - Запрос: GET /subtasks/api/TaskID/8
2025-06-05 15:44:02,518 - INFO - requests - Ответ: GET /subtasks/api/TaskID/8 - статус 200
2025-06-05 15:44:03,604 - INFO - requests - Запрос: GET /subtasks/173
2025-06-05 15:44:03,606 - INFO - requests - Ответ: GET /subtasks/173 - статус 200
2025-06-05 15:44:03,869 - INFO - requests - Запрос: GET /subtasks/api/173
2025-06-05 15:44:03,871 - INFO - requests - Ответ: GET /subtasks/api/173 - статус 200
2025-06-05 15:44:04,085 - INFO - requests - Запрос: GET /Uploads/images/task_8_sub_7.png
2025-06-05 15:44:04,086 - INFO - requests - Ответ: GET /Uploads/images/task_8_sub_7.png - статус 304
2025-06-05 15:44:07,400 - INFO - requests - Запрос: GET /subtasks/edit/
2025-06-05 15:44:07,402 - INFO - Routers.tasks - Открываем страницу с редактированием задачи
2025-06-05 15:44:07,402 - INFO - Routers.tasks - Открываем страницу редактирования подзадачи ID=173
2025-06-05 15:44:07,403 - INFO - requests - Ответ: GET /subtasks/edit/ - статус 200
2025-06-05 15:44:07,602 - INFO - requests - Запрос: GET /Uploads/solutions/solution_task_173_sub_7.png
2025-06-05 15:44:07,603 - INFO - requests - Ответ: GET /Uploads/solutions/solution_task_173_sub_7.png - статус 304
2025-06-05 15:44:13,094 - INFO - requests - Запрос: GET /wordpress/wp-admin/setup-config.php
2025-06-05 15:44:13,094 - INFO - requests - Ответ: GET /wordpress/wp-admin/setup-config.php - статус 404
2025-06-05 15:44:27,662 - INFO - requests - Запрос: GET /wp-admin/setup-config.php
2025-06-05 15:44:27,662 - INFO - requests - Ответ: GET /wp-admin/setup-config.php - статус 404
2025-06-05 15:44:31,778 - INFO - requests - Запрос: GET /subtasks/edit/
2025-06-05 15:44:31,780 - INFO - Routers.tasks - Открываем страницу с редактированием задачи
2025-06-05 15:44:31,780 - INFO - Routers.tasks - Открываем страницу редактирования подзадачи ID=173
2025-06-05 15:44:31,782 - INFO - requests - Ответ: GET /subtasks/edit/ - статус 200
2025-06-05 15:44:50,441 - INFO - requests - Запрос: POST /subtasks/edit_form
2025-06-05 15:44:50,583 - INFO - Routers.tasks - Редактируем подзадачу ID=173
2025-06-05 15:44:50,585 - INFO - Routers.tasks - Решение сохранено как Uploads\solutions\solution_task_8_sub_8.png
2025-06-05 15:44:50,591 - INFO - requests - Ответ: POST /subtasks/edit_form - статус 303
2025-06-05 15:44:50,845 - INFO - requests - Запрос: GET /tasks/8
2025-06-05 15:44:50,846 - INFO - requests - Ответ: GET /tasks/8 - статус 200
2025-06-05 15:44:50,982 - INFO - requests - Запрос: GET /subtasks/api/TaskID/8
2025-06-05 15:44:50,983 - INFO - requests - Ответ: GET /subtasks/api/TaskID/8 - статус 200
2025-06-05 15:44:51,005 - INFO - requests - Запрос: GET /tasks/api/8
2025-06-05 15:44:51,006 - INFO - requests - Ответ: GET /tasks/api/8 - статус 200
2025-06-05 15:45:22,440 - INFO - requests - Запрос: GET /subtasks/
2025-06-05 15:45:22,442 - INFO - requests - Ответ: GET /subtasks/ - статус 200
2025-06-05 15:45:22,710 - INFO - requests - Запрос: GET /subtasks/api/
2025-06-05 15:45:22,713 - INFO - requests - Ответ: GET /subtasks/api/ - статус 200
2025-06-05 15:45:36,594 - INFO - requests - Запрос: GET /students_subtasks/StudentTasksByLogin/
2025-06-05 15:45:36,596 - INFO - Routers.students - Вызван роут с получением задач всех студентов /students_subtasks/StudentTasksByLogin
2025-06-05 15:45:36,597 - INFO - root - Запускаем функцию с вызовом хранимки. StudentID:2, CompletionStatus:None TaskID:None  SortColumn:StudentTaskID SortDirection: ASC Description: None
2025-06-05 15:45:36,602 - WARNING - root - ПАРАМЕТРЫ: StudentID=2
2025-06-05 15:45:36,604 - INFO - requests - Ответ: GET /students_subtasks/StudentTasksByLogin/ - статус 200
2025-06-05 15:45:36,723 - INFO - requests - Запрос: GET /wp-admin/setup-config.php
2025-06-05 15:45:36,723 - INFO - requests - Ответ: GET /wp-admin/setup-config.php - статус 404
2025-06-05 15:45:39,022 - INFO - requests - Запрос: GET /students_subtasks/StudentTasksByLogin/
2025-06-05 15:45:39,024 - INFO - Routers.students - Вызван роут с получением задач всех студентов /students_subtasks/StudentTasksByLogin
2025-06-05 15:45:39,025 - INFO - root - Запускаем функцию с вызовом хранимки. StudentID:2, CompletionStatus:None TaskID:None  SortColumn:StudentTaskID SortDirection: ASC Description: PRO100EGE Вариант №8
2025-06-05 15:45:39,027 - WARNING - root - ПАРАМЕТРЫ: StudentID=2
2025-06-05 15:45:39,028 - INFO - requests - Ответ: GET /students_subtasks/StudentTasksByLogin/ - статус 200
2025-06-05 15:45:41,688 - INFO - requests - Запрос: GET /subtasks/
2025-06-05 15:45:41,690 - INFO - requests - Ответ: GET /subtasks/ - статус 200
2025-06-05 15:45:41,954 - INFO - requests - Запрос: GET /subtasks/api/
2025-06-05 15:45:41,957 - INFO - requests - Ответ: GET /subtasks/api/ - статус 200
2025-06-05 15:45:42,538 - INFO - requests - Запрос: GET /subtasks/new/
2025-06-05 15:45:42,538 - INFO - requests - Ответ: GET /subtasks/new/ - статус 307
2025-06-05 15:45:42,696 - INFO - requests - Запрос: GET /subtasks/new
2025-06-05 15:45:42,697 - INFO - Routers.tasks - Открываем страницу с созданием задачи
2025-06-05 15:45:42,716 - INFO - requests - Ответ: GET /subtasks/new - статус 200
2025-06-05 15:46:07,386 - INFO - requests - Запрос: GET /home/login_in/
2025-06-05 15:46:07,387 - INFO - Routers.auth - Выводим страницу с логином
2025-06-05 15:46:07,387 - INFO - requests - Ответ: GET /home/login_in/ - статус 200
2025-06-05 15:46:08,237 - INFO - requests - Запрос: POST /home/login_in/
2025-06-05 15:46:08,250 - INFO - requests - Ответ: POST /home/login_in/ - статус 303
2025-06-05 15:46:08,408 - INFO - requests - Запрос: GET /
2025-06-05 15:46:08,409 - INFO - Routers.auth - [10.8.0.1] Студент obeginin открыл корневую страницу
2025-06-05 15:46:08,410 - INFO - requests - Ответ: GET / - статус 200
2025-06-05 15:46:10,151 - INFO - requests - Запрос: GET /students_subtasks/StudentTasksByLogin/
2025-06-05 15:46:10,153 - INFO - Routers.students - Вызван роут с получением задач всех студентов /students_subtasks/StudentTasksByLogin
2025-06-05 15:46:10,154 - INFO - root - Запускаем функцию с вызовом хранимки. StudentID:2, CompletionStatus:None TaskID:None  SortColumn:StudentTaskID SortDirection: ASC Description: None
2025-06-05 15:46:10,159 - WARNING - root - ПАРАМЕТРЫ: StudentID=2
2025-06-05 15:46:10,161 - INFO - requests - Ответ: GET /students_subtasks/StudentTasksByLogin/ - статус 200
2025-06-05 15:46:12,492 - INFO - requests - Запрос: GET /students_subtasks/StudentTasksByLogin/
2025-06-05 15:46:12,494 - INFO - Routers.students - Вызван роут с получением задач всех студентов /students_subtasks/StudentTasksByLogin
2025-06-05 15:46:12,495 - INFO - root - Запускаем функцию с вызовом хранимки. StudentID:2, CompletionStatus:None TaskID:None  SortColumn:StudentTaskID SortDirection: ASC Description: PRO100EGE Вариант №8
2025-06-05 15:46:12,497 - WARNING - root - ПАРАМЕТРЫ: StudentID=2
2025-06-05 15:46:12,498 - INFO - requests - Ответ: GET /students_subtasks/StudentTasksByLogin/ - статус 200
2025-06-05 15:46:25,929 - INFO - requests - Запрос: POST /subtasks/create_form
2025-06-05 15:46:26,027 - INFO - Routers.tasks - Отправляем форму на добавление задачи
2025-06-05 15:46:26,041 - INFO - requests - Ответ: POST /subtasks/create_form - статус 303
2025-06-05 15:46:26,287 - INFO - requests - Запрос: GET /subtasks/193
2025-06-05 15:46:26,289 - INFO - requests - Ответ: GET /subtasks/193 - статус 200
2025-06-05 15:46:26,552 - INFO - requests - Запрос: GET /subtasks/api/193
2025-06-05 15:46:26,553 - INFO - requests - Ответ: GET /subtasks/api/193 - статус 200
2025-06-05 15:46:26,768 - INFO - requests - Запрос: GET /Uploads/images/task_1_sub_10.png
2025-06-05 15:46:26,768 - INFO - requests - Ответ: GET /Uploads/images/task_1_sub_10.png - статус 200
2025-06-05 15:46:40,146 - INFO - requests - Запрос: GET /subtasks
2025-06-05 15:46:40,147 - INFO - requests - Ответ: GET /subtasks - статус 307
2025-06-05 15:46:40,306 - INFO - requests - Запрос: GET /subtasks/
2025-06-05 15:46:40,308 - INFO - requests - Ответ: GET /subtasks/ - статус 200
2025-06-05 15:46:40,558 - INFO - requests - Запрос: GET /subtasks/api/
2025-06-05 15:46:40,561 - INFO - requests - Ответ: GET /subtasks/api/ - статус 200
2025-06-05 15:46:46,115 - INFO - requests - Запрос: GET /subtasks/new/
2025-06-05 15:46:46,116 - INFO - requests - Ответ: GET /subtasks/new/ - статус 307
2025-06-05 15:46:46,273 - INFO - requests - Запрос: GET /subtasks/new
2025-06-05 15:46:46,275 - INFO - Routers.tasks - Открываем страницу с созданием задачи
2025-06-05 15:46:46,276 - INFO - requests - Ответ: GET /subtasks/new - статус 200
2025-06-05 15:48:35,764 - INFO - requests - Запрос: POST /students_subtasks/check-answer/
2025-06-05 15:48:35,766 - INFO - Routers.students - Запуск проверки ответа
2025-06-05 15:48:35,767 - INFO - Routers.students - Получаем правильный ответ 12116
2025-06-05 15:48:35,768 - INFO - Routers.students - Получаем задание студента (108, 4, 16, None, 'Не приступал', None, None, None, None, None, 0)
2025-06-05 15:48:35,772 - INFO - requests - Ответ: POST /students_subtasks/check-answer/ - статус 200
2025-06-05 15:48:46,721 - INFO - requests - Запрос: GET /students_subtasks/T/122
2025-06-05 15:48:46,721 - INFO - requests - Ответ: GET /students_subtasks/T/122 - статус 307
2025-06-05 15:48:46,879 - INFO - requests - Запрос: GET /students_subtasks/T/122/
2025-06-05 15:48:46,880 - WARNING - root - Вызываем роут read_student_all_subtasks с параметрами: StudentTaskID=122
2025-06-05 15:48:46,881 - INFO - requests - Ответ: GET /students_subtasks/T/122/ - статус 200
2025-06-05 15:48:47,070 - INFO - requests - Запрос: GET /Uploads/images/task_18_sub_1.png
2025-06-05 15:48:47,070 - INFO - requests - Ответ: GET /Uploads/images/task_18_sub_1.png - статус 200
2025-06-05 15:50:57,069 - INFO - requests - Запрос: GET /students_subtasks/T/129
2025-06-05 15:50:57,069 - INFO - requests - Ответ: GET /students_subtasks/T/129 - статус 307
2025-06-05 15:50:57,291 - INFO - requests - Запрос: GET /students_subtasks/T/129/
2025-06-05 15:50:57,293 - WARNING - root - Вызываем роут read_student_all_subtasks с параметрами: StudentTaskID=129
2025-06-05 15:50:57,294 - INFO - requests - Ответ: GET /students_subtasks/T/129/ - статус 200
2025-06-05 15:50:57,568 - INFO - requests - Запрос: GET /Uploads/images/task_19_sub_1.PNG
2025-06-05 15:50:57,569 - INFO - requests - Ответ: GET /Uploads/images/task_19_sub_1.PNG - статус 200
2025-06-05 15:53:13,716 - INFO - requests - Запрос: GET /students_subtasks/StudentTasksByLogin/
2025-06-05 15:53:13,717 - INFO - Routers.students - Вызван роут с получением задач всех студентов /students_subtasks/StudentTasksByLogin
2025-06-05 15:53:13,719 - INFO - root - Запускаем функцию с вызовом хранимки. StudentID:2, CompletionStatus:None TaskID:None  SortColumn:StudentTaskID SortDirection: ASC Description: None
2025-06-05 15:53:13,732 - WARNING - root - ПАРАМЕТРЫ: StudentID=2
2025-06-05 15:53:13,734 - INFO - requests - Ответ: GET /students_subtasks/StudentTasksByLogin/ - статус 200
2025-06-05 15:53:15,550 - INFO - requests - Запрос: GET /students_subtasks/T/3
2025-06-05 15:53:15,550 - INFO - requests - Ответ: GET /students_subtasks/T/3 - статус 307
2025-06-05 15:53:15,708 - INFO - requests - Запрос: GET /students_subtasks/T/3/
2025-06-05 15:53:15,709 - WARNING - root - Вызываем роут read_student_all_subtasks с параметрами: StudentTaskID=3
2025-06-05 15:53:15,711 - INFO - requests - Ответ: GET /students_subtasks/T/3/ - статус 200
2025-06-05 15:53:15,876 - INFO - requests - Запрос: GET /Uploads/solutions/solution_task_1_sub_1.
2025-06-05 15:53:15,876 - INFO - requests - Ответ: GET /Uploads/solutions/solution_task_1_sub_1. - статус 404
2025-06-05 15:53:15,899 - INFO - requests - Запрос: GET /Uploads/images/task_1_sub_1.PNG
2025-06-05 15:53:15,899 - INFO - requests - Ответ: GET /Uploads/images/task_1_sub_1.PNG - статус 304
2025-06-05 15:53:15,922 - INFO - requests - Запрос: GET /Uploads/StudentSolutions/2_1_
2025-06-05 15:53:15,923 - INFO - requests - Ответ: GET /Uploads/StudentSolutions/2_1_ - статус 404
2025-06-05 15:53:23,869 - INFO - requests - Запрос: POST /students_subtasks/check-answer/
2025-06-05 15:53:23,870 - INFO - Routers.students - Запуск проверки ответа
2025-06-05 15:53:23,870 - INFO - Routers.students - Получаем правильный ответ 25
2025-06-05 15:53:23,871 - INFO - Routers.students - Получаем задание студента (3, 2, 1, '25', 'Выполнено', None, 'Uploads\\StudentSolutions/2_1_', datetime.datetime(2025, 5, 31, 11, 30, 0, 203000), datetime.datetime(2025, 6, 4, 0, 6, 31, 697000), datetime.datetime(2025, 6, 4, 0, 6, 31, 697000), 5)
2025-06-05 15:53:23,875 - INFO - requests - Ответ: POST /students_subtasks/check-answer/ - статус 200
2025-06-05 15:53:26,982 - INFO - requests - Запрос: GET /students_subtasks/StudentTasksByLogin/
2025-06-05 15:53:26,984 - INFO - Routers.students - Вызван роут с получением задач всех студентов /students_subtasks/StudentTasksByLogin
2025-06-05 15:53:26,985 - INFO - root - Запускаем функцию с вызовом хранимки. StudentID:2, CompletionStatus:None TaskID:None  SortColumn:StudentTaskID SortDirection: ASC Description: None
2025-06-05 15:53:26,990 - WARNING - root - ПАРАМЕТРЫ: StudentID=2
2025-06-05 15:53:26,991 - INFO - requests - Ответ: GET /students_subtasks/StudentTasksByLogin/ - статус 200
2025-06-05 15:53:28,455 - INFO - requests - Запрос: GET /students_subtasks/T/3
2025-06-05 15:53:28,455 - INFO - requests - Ответ: GET /students_subtasks/T/3 - статус 307
2025-06-05 15:53:28,614 - INFO - requests - Запрос: GET /students_subtasks/T/3/
2025-06-05 15:53:28,615 - WARNING - root - Вызываем роут read_student_all_subtasks с параметрами: StudentTaskID=3
2025-06-05 15:53:28,616 - INFO - requests - Ответ: GET /students_subtasks/T/3/ - статус 200
2025-06-05 15:53:28,777 - INFO - requests - Запрос: GET /Uploads/solutions/solution_task_1_sub_1.
2025-06-05 15:53:28,777 - INFO - requests - Ответ: GET /Uploads/solutions/solution_task_1_sub_1. - статус 404
2025-06-05 15:53:28,800 - INFO - requests - Запрос: GET /Uploads/StudentSolutions/2_1_
2025-06-05 15:53:28,800 - INFO - requests - Ответ: GET /Uploads/StudentSolutions/2_1_ - статус 404
2025-06-05 15:55:05,109 - INFO - root - Логирование по дням инициализировано.
2025-06-05 15:55:06,442 - INFO - requests - Запрос: GET /students_subtasks/T/3/
2025-06-05 15:55:06,473 - WARNING - root - Вызываем роут read_student_all_subtasks с параметрами: StudentTaskID=3
2025-06-05 15:55:06,481 - INFO - requests - Ответ: GET /students_subtasks/T/3/ - статус 200
2025-06-05 15:55:06,683 - INFO - requests - Запрос: GET /Uploads/solutions/solution_task_1_sub_1.
2025-06-05 15:55:06,684 - INFO - requests - Ответ: GET /Uploads/solutions/solution_task_1_sub_1. - статус 404
2025-06-05 15:55:06,711 - INFO - requests - Запрос: GET /Uploads/StudentSolutions/2_1_
2025-06-05 15:55:06,712 - INFO - requests - Ответ: GET /Uploads/StudentSolutions/2_1_ - статус 404
2025-06-05 15:55:49,150 - INFO - requests - Запрос: POST /students_subtasks/check-answer/
2025-06-05 15:55:49,151 - INFO - Routers.students - Запуск проверки ответа
2025-06-05 15:55:49,152 - INFO - Routers.students - Получаем правильный ответ 17
2025-06-05 15:55:49,152 - INFO - Routers.students - Получаем задание студента (129, 4, 19, None, 'Не приступал', None, None, None, None, None, 0)
2025-06-05 15:55:49,155 - INFO - requests - Ответ: POST /students_subtasks/check-answer/ - статус 200
2025-06-05 15:56:00,525 - INFO - root - Логирование по дням инициализировано.
2025-06-05 15:56:03,541 - INFO - requests - Запрос: GET /students_subtasks/T/3/
2025-06-05 15:56:03,571 - WARNING - root - Вызываем роут read_student_all_subtasks с параметрами: StudentTaskID=3
2025-06-05 15:56:03,579 - INFO - requests - Ответ: GET /students_subtasks/T/3/ - статус 200
2025-06-05 15:56:03,739 - INFO - requests - Запрос: GET /Uploads/solutions/solution_task_1_sub_1.
2025-06-05 15:56:03,740 - INFO - requests - Ответ: GET /Uploads/solutions/solution_task_1_sub_1. - статус 404
2025-06-05 15:56:03,762 - INFO - requests - Запрос: GET /Uploads/StudentSolutions/2_1_
2025-06-05 15:56:03,762 - INFO - requests - Ответ: GET /Uploads/StudentSolutions/2_1_ - статус 404
2025-06-05 15:56:40,014 - INFO - requests - Запрос: POST /students_subtasks/check-answer/
2025-06-05 15:56:40,015 - INFO - Routers.students - Запуск проверки ответа
2025-06-05 15:56:40,016 - INFO - Routers.students - Получаем правильный ответ 17
2025-06-05 15:56:40,017 - INFO - Routers.students - Получаем задание студента (129, 4, 19, '17', 'Выполнено', None, None, datetime.datetime(2025, 6, 5, 15, 55, 49, 150000), datetime.datetime(2025, 6, 5, 15, 55, 49, 150000), datetime.datetime(2025, 6, 5, 15, 55, 49, 150000), 1)
2025-06-05 15:56:40,019 - INFO - requests - Ответ: POST /students_subtasks/check-answer/ - статус 200
2025-06-05 15:56:46,206 - INFO - requests - Запрос: GET /students_subtasks/T/136
2025-06-05 15:56:46,207 - INFO - requests - Ответ: GET /students_subtasks/T/136 - статус 307
2025-06-05 15:56:46,363 - INFO - requests - Запрос: GET /students_subtasks/T/136/
2025-06-05 15:56:46,365 - WARNING - root - Вызываем роут read_student_all_subtasks с параметрами: StudentTaskID=136
2025-06-05 15:56:46,367 - INFO - requests - Ответ: GET /students_subtasks/T/136/ - статус 200
2025-06-05 15:56:46,629 - INFO - requests - Запрос: GET /Uploads/images/task_20_sub_1.PNG
2025-06-05 15:56:46,641 - INFO - requests - Ответ: GET /Uploads/images/task_20_sub_1.PNG - статус 200
2025-06-05 16:00:45,141 - INFO - requests - Запрос: POST /students_subtasks/check-answer/
2025-06-05 16:00:45,142 - INFO - Routers.students - Запуск проверки ответа
2025-06-05 16:00:45,145 - INFO - Routers.students - Получаем правильный ответ 13 16
2025-06-05 16:00:45,146 - INFO - Routers.students - Получаем задание студента (136, 4, 20, None, 'Не приступал', None, None, None, None, None, 0)
2025-06-05 16:00:45,146 - INFO - Routers.students - Проверка ответа В процессе
2025-06-05 16:00:45,149 - INFO - requests - Ответ: POST /students_subtasks/check-answer/ - статус 200
2025-06-05 16:00:53,996 - INFO - requests - Запрос: GET /wp-admin/setup-config.php
2025-06-05 16:00:53,996 - INFO - requests - Ответ: GET /wp-admin/setup-config.php - статус 404
2025-06-05 16:01:14,418 - INFO - requests - Запрос: GET /wordpress/wp-admin/setup-config.php
2025-06-05 16:01:14,418 - INFO - requests - Ответ: GET /wordpress/wp-admin/setup-config.php - статус 404
2025-06-05 16:01:54,624 - INFO - requests - Запрос: GET /students_subtasks/T/129
2025-06-05 16:01:54,624 - INFO - requests - Ответ: GET /students_subtasks/T/129 - статус 307
2025-06-05 16:01:54,742 - INFO - requests - Запрос: GET /students_subtasks/T/129/
2025-06-05 16:01:54,744 - WARNING - root - Вызываем роут read_student_all_subtasks с параметрами: StudentTaskID=129
2025-06-05 16:01:54,745 - INFO - requests - Ответ: GET /students_subtasks/T/129/ - статус 200
2025-06-05 16:01:56,936 - INFO - requests - Запрос: POST /students_subtasks/check-answer/
2025-06-05 16:01:56,937 - INFO - Routers.students - Запуск проверки ответа
2025-06-05 16:01:56,937 - INFO - Routers.students - Получаем правильный ответ 17
2025-06-05 16:01:56,938 - INFO - Routers.students - Получаем задание студента (129, 4, 19, '17', 'Выполнено', None, None, datetime.datetime(2025, 6, 5, 15, 55, 49, 150000), datetime.datetime(2025, 6, 5, 15, 56, 40, 17000), datetime.datetime(2025, 6, 5, 15, 56, 40, 17000), 2)
2025-06-05 16:01:56,940 - INFO - requests - Ответ: POST /students_subtasks/check-answer/ - статус 200
2025-06-05 16:02:02,140 - INFO - requests - Запрос: GET /students_subtasks/T/136
2025-06-05 16:02:02,141 - INFO - requests - Ответ: GET /students_subtasks/T/136 - статус 307
2025-06-05 16:02:02,362 - INFO - requests - Запрос: GET /students_subtasks/T/136/
2025-06-05 16:02:02,364 - WARNING - root - Вызываем роут read_student_all_subtasks с параметрами: StudentTaskID=136
2025-06-05 16:02:02,365 - INFO - requests - Ответ: GET /students_subtasks/T/136/ - статус 200
2025-06-05 16:02:04,343 - INFO - requests - Запрос: GET /wp-admin/setup-config.php
2025-06-05 16:02:04,344 - INFO - requests - Ответ: GET /wp-admin/setup-config.php - статус 404
2025-06-05 16:02:05,824 - INFO - requests - Запрос: POST /students_subtasks/check-answer/
2025-06-05 16:02:05,825 - INFO - Routers.students - Запуск проверки ответа
2025-06-05 16:02:05,826 - INFO - Routers.students - Получаем правильный ответ 13 16
2025-06-05 16:02:05,826 - INFO - Routers.students - Получаем задание студента (136, 4, 20, '1316', 'В процессе', None, None, datetime.datetime(2025, 6, 5, 16, 0, 45, 147000), datetime.datetime(2025, 6, 5, 16, 0, 45, 147000), None, 1)
2025-06-05 16:02:05,826 - INFO - Routers.students - Проверка ответа В процессе
2025-06-05 16:02:05,829 - INFO - requests - Ответ: POST /students_subtasks/check-answer/ - статус 200
2025-06-05 16:02:13,946 - INFO - requests - Запрос: POST /students_subtasks/check-answer/
2025-06-05 16:02:13,947 - INFO - Routers.students - Запуск проверки ответа
2025-06-05 16:02:13,947 - INFO - Routers.students - Получаем правильный ответ 13 16
2025-06-05 16:02:13,948 - INFO - Routers.students - Получаем задание студента (136, 4, 20, '1316', 'В процессе', None, None, datetime.datetime(2025, 6, 5, 16, 0, 45, 147000), datetime.datetime(2025, 6, 5, 16, 2, 5, 823000), None, 2)
2025-06-05 16:02:13,948 - INFO - Routers.students - Проверка ответа В процессе
2025-06-05 16:02:13,950 - INFO - requests - Ответ: POST /students_subtasks/check-answer/ - статус 200
2025-06-05 16:02:23,777 - INFO - requests - Запрос: POST /students_subtasks/submit-solution/
2025-06-05 16:02:23,779 - INFO - Routers.students - Пришло решение от студента 2 по подзадаче 1
2025-06-05 16:02:23,781 - INFO - Routers.students - Файл решения сохранён по пути: Uploads\StudentSolutions/2_1_
2025-06-05 16:02:28,667 - INFO - requests - Запрос: POST /students_subtasks/check-answer/
2025-06-05 16:02:28,667 - INFO - Routers.students - Запуск проверки ответа
2025-06-05 16:02:28,668 - INFO - Routers.students - Получаем правильный ответ 13 16
2025-06-05 16:02:28,669 - INFO - Routers.students - Получаем задание студента (136, 4, 20, '1136', 'В процессе', None, None, datetime.datetime(2025, 6, 5, 16, 0, 45, 147000), datetime.datetime(2025, 6, 5, 16, 2, 13, 947000), None, 3)
2025-06-05 16:02:28,669 - INFO - Routers.students - Проверка ответа В процессе
2025-06-05 16:02:28,671 - INFO - requests - Ответ: POST /students_subtasks/check-answer/ - статус 200
2025-06-05 16:02:55,524 - INFO - requests - Запрос: GET /students_subtasks/T/129
2025-06-05 16:02:55,525 - INFO - requests - Ответ: GET /students_subtasks/T/129 - статус 307
2025-06-05 16:02:55,747 - INFO - requests - Запрос: GET /students_subtasks/T/129/
2025-06-05 16:02:55,750 - WARNING - root - Вызываем роут read_student_all_subtasks с параметрами: StudentTaskID=129
2025-06-05 16:02:55,751 - INFO - requests - Ответ: GET /students_subtasks/T/129/ - статус 200
2025-06-05 16:03:09,721 - INFO - requests - Запрос: GET /wordpress/wp-admin/setup-config.php
2025-06-05 16:03:09,721 - INFO - requests - Ответ: GET /wordpress/wp-admin/setup-config.php - статус 404
2025-06-05 16:03:51,948 - INFO - requests - Запрос: GET /restore.php
2025-06-05 16:03:51,949 - INFO - requests - Ответ: GET /restore.php - статус 404
2025-06-05 16:04:36,182 - INFO - requests - Запрос: GET /students_subtasks/T/136
2025-06-05 16:04:36,182 - INFO - requests - Ответ: GET /students_subtasks/T/136 - статус 307
2025-06-05 16:04:36,341 - INFO - requests - Запрос: GET /students_subtasks/T/136/
2025-06-05 16:04:36,342 - WARNING - root - Вызываем роут read_student_all_subtasks с параметрами: StudentTaskID=136
2025-06-05 16:04:36,343 - INFO - requests - Ответ: GET /students_subtasks/T/136/ - статус 200
2025-06-05 16:04:40,103 - INFO - requests - Запрос: POST /students_subtasks/check-answer/
2025-06-05 16:04:40,103 - INFO - Routers.students - Запуск проверки ответа
2025-06-05 16:04:40,104 - INFO - Routers.students - Получаем правильный ответ 13 16
2025-06-05 16:04:40,105 - INFO - Routers.students - Получаем задание студента (136, 4, 20, '1316', 'В процессе', None, None, datetime.datetime(2025, 6, 5, 16, 0, 45, 147000), datetime.datetime(2025, 6, 5, 16, 2, 28, 667000), None, 4)
2025-06-05 16:04:40,107 - INFO - requests - Ответ: POST /students_subtasks/check-answer/ - статус 200
2025-06-05 16:04:47,600 - INFO - requests - Запрос: POST /students_subtasks/check-answer/
2025-06-05 16:04:47,600 - INFO - Routers.students - Запуск проверки ответа
2025-06-05 16:04:47,601 - INFO - Routers.students - Получаем правильный ответ 13 16
2025-06-05 16:04:47,601 - INFO - Routers.students - Получаем задание студента (136, 4, 20, '13 16', 'Выполнено', None, None, datetime.datetime(2025, 6, 5, 16, 0, 45, 147000), datetime.datetime(2025, 6, 5, 16, 4, 40, 103000), datetime.datetime(2025, 6, 5, 16, 4, 40, 103000), 5)
2025-06-05 16:04:47,604 - INFO - requests - Ответ: POST /students_subtasks/check-answer/ - статус 200
2025-06-05 16:04:55,845 - INFO - requests - Запрос: GET /students_subtasks/T/143
2025-06-05 16:04:55,846 - INFO - requests - Ответ: GET /students_subtasks/T/143 - статус 307
2025-06-05 16:04:56,067 - INFO - requests - Запрос: GET /students_subtasks/T/143/
2025-06-05 16:04:56,068 - WARNING - root - Вызываем роут read_student_all_subtasks с параметрами: StudentTaskID=143
2025-06-05 16:04:56,069 - INFO - requests - Ответ: GET /students_subtasks/T/143/ - статус 200
2025-06-05 16:04:56,332 - INFO - requests - Запрос: GET /Uploads/images/task_21_sub_1.PNG
2025-06-05 16:04:56,333 - INFO - requests - Ответ: GET /Uploads/images/task_21_sub_1.PNG - статус 200
2025-06-05 16:12:10,483 - INFO - requests - Запрос: POST /students_subtasks/check-answer/
2025-06-05 16:12:10,484 - INFO - Routers.students - Запуск проверки ответа
2025-06-05 16:12:10,485 - INFO - Routers.students - Получаем правильный ответ 12 15
2025-06-05 16:12:10,485 - INFO - Routers.students - Получаем задание студента (143, 4, 21, None, 'Не приступал', None, None, None, None, None, 0)
2025-06-05 16:12:10,485 - INFO - Routers.students - Проверка ответа В процессе
2025-06-05 16:12:10,490 - INFO - requests - Ответ: POST /students_subtasks/check-answer/ - статус 200
2025-06-05 16:12:17,487 - INFO - requests - Запрос: POST /students_subtasks/check-answer/
2025-06-05 16:12:17,488 - INFO - Routers.students - Запуск проверки ответа
2025-06-05 16:12:17,489 - INFO - Routers.students - Получаем правильный ответ 12 15
2025-06-05 16:12:17,489 - INFO - Routers.students - Получаем задание студента (143, 4, 21, '12', 'В процессе', None, None, datetime.datetime(2025, 6, 5, 16, 12, 10, 487000), datetime.datetime(2025, 6, 5, 16, 12, 10, 487000), None, 1)
2025-06-05 16:12:17,489 - INFO - Routers.students - Проверка ответа В процессе
2025-06-05 16:12:17,491 - INFO - requests - Ответ: POST /students_subtasks/check-answer/ - статус 200
2025-06-05 16:12:25,015 - INFO - requests - Запрос: GET /.env
2025-06-05 16:12:25,016 - INFO - requests - Ответ: GET /.env - статус 404
2025-06-05 16:12:27,280 - INFO - requests - Запрос: POST /students_subtasks/check-answer/
2025-06-05 16:12:27,281 - INFO - Routers.students - Запуск проверки ответа
2025-06-05 16:12:27,283 - INFO - Routers.students - Получаем правильный ответ 12 15
2025-06-05 16:12:27,284 - INFO - Routers.students - Получаем задание студента (143, 4, 21, '12', 'В процессе', None, None, datetime.datetime(2025, 6, 5, 16, 12, 10, 487000), datetime.datetime(2025, 6, 5, 16, 12, 17, 487000), None, 2)
2025-06-05 16:12:27,284 - INFO - Routers.students - Проверка ответа В процессе
2025-06-05 16:12:27,286 - INFO - requests - Ответ: POST /students_subtasks/check-answer/ - статус 200
2025-06-05 16:12:33,635 - INFO - requests - Запрос: POST /students_subtasks/check-answer/
2025-06-05 16:12:33,635 - INFO - Routers.students - Запуск проверки ответа
2025-06-05 16:12:33,637 - INFO - Routers.students - Получаем правильный ответ 12 15
2025-06-05 16:12:33,638 - INFO - Routers.students - Получаем задание студента (143, 4, 21, '13', 'В процессе', None, None, datetime.datetime(2025, 6, 5, 16, 12, 10, 487000), datetime.datetime(2025, 6, 5, 16, 12, 27, 280000), None, 3)
2025-06-05 16:12:33,638 - INFO - Routers.students - Проверка ответа В процессе
2025-06-05 16:12:33,640 - INFO - requests - Ответ: POST /students_subtasks/check-answer/ - статус 200
2025-06-05 16:12:38,245 - INFO - requests - Запрос: POST /students_subtasks/check-answer/
2025-06-05 16:12:38,246 - INFO - Routers.students - Запуск проверки ответа
2025-06-05 16:12:38,247 - INFO - Routers.students - Получаем правильный ответ 12 15
2025-06-05 16:12:38,247 - INFO - Routers.students - Получаем задание студента (143, 4, 21, '11', 'В процессе', None, None, datetime.datetime(2025, 6, 5, 16, 12, 10, 487000), datetime.datetime(2025, 6, 5, 16, 12, 33, 637000), None, 4)
2025-06-05 16:12:38,247 - INFO - Routers.students - Проверка ответа В процессе
2025-06-05 16:12:38,253 - INFO - requests - Ответ: POST /students_subtasks/check-answer/ - статус 200
2025-06-05 16:13:49,630 - INFO - requests - Запрос: GET /students_subtasks/T/143
2025-06-05 16:13:49,630 - INFO - requests - Ответ: GET /students_subtasks/T/143 - статус 307
2025-06-05 16:13:49,787 - INFO - requests - Запрос: GET /students_subtasks/T/143/
2025-06-05 16:13:49,789 - WARNING - root - Вызываем роут read_student_all_subtasks с параметрами: StudentTaskID=143
2025-06-05 16:13:49,790 - INFO - requests - Ответ: GET /students_subtasks/T/143/ - статус 200
2025-06-05 16:13:50,981 - INFO - requests - Запрос: POST /students_subtasks/check-answer/
2025-06-05 16:13:50,981 - INFO - Routers.students - Запуск проверки ответа
2025-06-05 16:13:50,982 - INFO - Routers.students - Получаем правильный ответ 12 15
2025-06-05 16:13:50,982 - INFO - Routers.students - Получаем задание студента (143, 4, 21, '12', 'В процессе', None, None, datetime.datetime(2025, 6, 5, 16, 12, 10, 487000), datetime.datetime(2025, 6, 5, 16, 12, 38, 247000), None, 5)
2025-06-05 16:13:50,982 - INFO - Routers.students - Проверка ответа В процессе
2025-06-05 16:13:50,984 - INFO - requests - Ответ: POST /students_subtasks/check-answer/ - статус 200
2025-06-05 16:14:00,949 - INFO - requests - Запрос: GET /students_subtasks/T/150
2025-06-05 16:14:00,949 - INFO - requests - Ответ: GET /students_subtasks/T/150 - статус 307
2025-06-05 16:14:01,109 - INFO - requests - Запрос: GET /students_subtasks/T/150/
2025-06-05 16:14:01,111 - WARNING - root - Вызываем роут read_student_all_subtasks с параметрами: StudentTaskID=150
2025-06-05 16:14:01,112 - INFO - requests - Ответ: GET /students_subtasks/T/150/ - статус 200
2025-06-05 16:14:01,305 - INFO - requests - Запрос: GET /Uploads/images/task_22_sub_1.PNG
2025-06-05 16:14:01,306 - INFO - requests - Ответ: GET /Uploads/images/task_22_sub_1.PNG - статус 200
2025-06-05 16:14:21,034 - INFO - requests - Запрос: GET /students_subtasks/StudentTasksByLogin/
2025-06-05 16:14:21,036 - INFO - Routers.students - Вызван роут с получением задач всех студентов /students_subtasks/StudentTasksByLogin
2025-06-05 16:14:21,037 - INFO - root - Запускаем функцию с вызовом хранимки. StudentID:4, CompletionStatus:Выполнено TaskID:None  SortColumn:StudentTaskID SortDirection: ASC Description: None
2025-06-05 16:14:21,040 - WARNING - root - ПАРАМЕТРЫ: StudentID=4
2025-06-05 16:14:21,049 - INFO - requests - Ответ: GET /students_subtasks/StudentTasksByLogin/ - статус 200
2025-06-05 16:14:29,956 - INFO - requests - Запрос: GET /students_subtasks/StudentTasksByLogin/
2025-06-05 16:14:29,958 - INFO - Routers.students - Вызван роут с получением задач всех студентов /students_subtasks/StudentTasksByLogin
2025-06-05 16:14:29,959 - INFO - root - Запускаем функцию с вызовом хранимки. StudentID:4, CompletionStatus:В процессе TaskID:None  SortColumn:StudentTaskID SortDirection: ASC Description: None
2025-06-05 16:14:29,961 - WARNING - root - ПАРАМЕТРЫ: StudentID=4
2025-06-05 16:14:29,962 - INFO - requests - Ответ: GET /students_subtasks/StudentTasksByLogin/ - статус 200
2025-06-05 16:14:43,245 - INFO - requests - Запрос: GET /students_subtasks/StudentTasksByLogin/
2025-06-05 16:14:43,247 - INFO - Routers.students - Вызван роут с получением задач всех студентов /students_subtasks/StudentTasksByLogin
2025-06-05 16:14:43,248 - INFO - root - Запускаем функцию с вызовом хранимки. StudentID:4, CompletionStatus:None TaskID:None  SortColumn:StudentTaskID SortDirection: ASC Description: None
2025-06-05 16:14:43,253 - WARNING - root - ПАРАМЕТРЫ: StudentID=4
2025-06-05 16:14:43,255 - INFO - requests - Ответ: GET /students_subtasks/StudentTasksByLogin/ - статус 200
2025-06-05 16:15:11,496 - INFO - requests - Запрос: GET /students_subtasks/T/150
2025-06-05 16:15:11,497 - INFO - requests - Ответ: GET /students_subtasks/T/150 - статус 307
2025-06-05 16:15:11,654 - INFO - requests - Запрос: GET /students_subtasks/T/150/
2025-06-05 16:15:11,656 - WARNING - root - Вызываем роут read_student_all_subtasks с параметрами: StudentTaskID=150
2025-06-05 16:15:11,657 - INFO - requests - Ответ: GET /students_subtasks/T/150/ - статус 200
2025-06-05 16:15:22,386 - INFO - requests - Запрос: GET /students_subtasks/T/157
2025-06-05 16:15:22,387 - INFO - requests - Ответ: GET /students_subtasks/T/157 - статус 307
2025-06-05 16:15:22,544 - INFO - requests - Запрос: GET /students_subtasks/T/157/
2025-06-05 16:15:22,546 - WARNING - root - Вызываем роут read_student_all_subtasks с параметрами: StudentTaskID=157
2025-06-05 16:15:22,547 - INFO - requests - Ответ: GET /students_subtasks/T/157/ - статус 200
2025-06-05 16:15:22,751 - INFO - requests - Запрос: GET /Uploads/images/task_23_sub_1.PNG
2025-06-05 16:15:22,752 - INFO - requests - Ответ: GET /Uploads/images/task_23_sub_1.PNG - статус 200
2025-06-05 16:16:46,793 - INFO - requests - Запрос: GET /developmentserver/metadatauploader
2025-06-05 16:16:46,793 - INFO - requests - Ответ: GET /developmentserver/metadatauploader - статус 404
2025-06-05 16:20:29,499 - INFO - requests - Запрос: POST /students_subtasks/check-answer/
2025-06-05 16:20:29,500 - INFO - Routers.students - Запуск проверки ответа
2025-06-05 16:20:29,500 - INFO - Routers.students - Получаем правильный ответ 30
2025-06-05 16:20:29,501 - INFO - Routers.students - Получаем задание студента (157, 4, 23, None, 'Не приступал', None, None, None, None, None, 0)
2025-06-05 16:20:29,503 - INFO - requests - Ответ: POST /students_subtasks/check-answer/ - статус 200
2025-06-05 16:21:51,936 - INFO - requests - Запрос: GET /wp-admin/setup-config.php
2025-06-05 16:21:51,936 - INFO - requests - Ответ: GET /wp-admin/setup-config.php - статус 404
2025-06-05 16:22:16,454 - INFO - requests - Запрос: GET /wordpress/wp-admin/setup-config.php
2025-06-05 16:22:16,454 - INFO - requests - Ответ: GET /wordpress/wp-admin/setup-config.php - статус 404
2025-06-05 16:22:27,081 - INFO - requests - Запрос: GET /wp-admin/setup-config.php
2025-06-05 16:22:27,082 - INFO - requests - Ответ: GET /wp-admin/setup-config.php - статус 404
2025-06-05 16:24:58,343 - INFO - requests - Запрос: GET /wordpress/wp-admin/setup-config.php
2025-06-05 16:24:58,343 - INFO - requests - Ответ: GET /wordpress/wp-admin/setup-config.php - статус 404
2025-06-05 16:25:36,615 - INFO - requests - Запрос: GET /.git/config
2025-06-05 16:25:36,615 - INFO - requests - Ответ: GET /.git/config - статус 404
2025-06-05 16:36:42,642 - INFO - root - Логирование по дням инициализировано.
2025-06-05 16:36:52,681 - INFO - requests - Запрос: GET /students_subtasks/StudentTasksByLogin/
2025-06-05 16:36:52,711 - INFO - Routers.students - Вызван роут с получением задач всех студентов /students_subtasks/StudentTasksByLogin
2025-06-05 16:36:52,713 - INFO - root - Запускаем функцию с вызовом хранимки. StudentID:2, CompletionStatus:None TaskID:None  SortColumn:StudentTaskID SortDirection: ASC Description: PRO100EGE Вариант №8
2025-06-05 16:36:52,715 - WARNING - root - ПАРАМЕТРЫ: StudentID=2
2025-06-05 16:36:52,726 - INFO - requests - Ответ: GET /students_subtasks/StudentTasksByLogin/ - статус 200
2025-06-05 16:36:56,583 - INFO - requests - Запрос: GET /students_subtasks/StudentTasksByLogin/
2025-06-05 16:36:56,585 - INFO - Routers.students - Вызван роут с получением задач всех студентов /students_subtasks/StudentTasksByLogin
2025-06-05 16:36:56,586 - INFO - root - Запускаем функцию с вызовом хранимки. StudentID:2, CompletionStatus:None TaskID:None  SortColumn:StudentTaskID SortDirection: ASC Description: None
2025-06-05 16:36:56,592 - WARNING - root - ПАРАМЕТРЫ: StudentID=2
2025-06-05 16:36:56,593 - INFO - requests - Ответ: GET /students_subtasks/StudentTasksByLogin/ - статус 200
2025-06-05 16:36:58,193 - INFO - requests - Запрос: GET /students_subtasks/T/3
2025-06-05 16:36:58,193 - INFO - requests - Ответ: GET /students_subtasks/T/3 - статус 307
2025-06-05 16:36:58,351 - INFO - requests - Запрос: GET /students_subtasks/T/3/
2025-06-05 16:36:58,353 - WARNING - root - Вызываем роут read_student_all_subtasks с параметрами: StudentTaskID=3
2025-06-05 16:36:58,359 - INFO - requests - Ответ: GET /students_subtasks/T/3/ - статус 200
2025-06-05 16:36:58,518 - INFO - requests - Запрос: GET /Uploads/solutions/solution_task_1_sub_1.
2025-06-05 16:36:58,519 - INFO - requests - Ответ: GET /Uploads/solutions/solution_task_1_sub_1. - статус 404
2025-06-05 16:36:58,541 - INFO - requests - Запрос: GET /Uploads/StudentSolutions/2_1_
2025-06-05 16:36:58,549 - INFO - requests - Ответ: GET /Uploads/StudentSolutions/2_1_ - статус 200
2025-06-05 16:41:12,080 - INFO - requests - Запрос: GET /wordpress/wp-admin/setup-config.php
2025-06-05 16:41:12,080 - INFO - requests - Ответ: GET /wordpress/wp-admin/setup-config.php - статус 404
2025-06-05 16:41:31,749 - INFO - requests - Запрос: GET /wordpress/wp-admin/setup-config.php
2025-06-05 16:41:31,749 - INFO - requests - Ответ: GET /wordpress/wp-admin/setup-config.php - статус 404
2025-06-05 16:41:51,227 - INFO - requests - Запрос: GET /wp-admin/setup-config.php
2025-06-05 16:41:51,228 - INFO - requests - Ответ: GET /wp-admin/setup-config.php - статус 404
2025-06-05 16:42:26,101 - INFO - requests - Запрос: GET /wp-admin/setup-config.php
2025-06-05 16:42:26,101 - INFO - requests - Ответ: GET /wp-admin/setup-config.php - статус 404
2025-06-05 16:43:24,141 - INFO - root - Логирование по дням инициализировано.
2025-06-05 16:43:31,332 - INFO - requests - Запрос: GET /students_subtasks/T/3/
2025-06-05 16:43:31,366 - WARNING - root - Вызываем роут read_student_all_subtasks с параметрами: StudentTaskID=3
2025-06-05 16:43:31,374 - INFO - requests - Ответ: GET /students_subtasks/T/3/ - статус 200
2025-06-05 16:43:31,533 - INFO - requests - Запрос: GET /Uploads/solutions/solution_task_1_sub_1.
2025-06-05 16:43:31,533 - INFO - requests - Ответ: GET /Uploads/solutions/solution_task_1_sub_1. - статус 404
2025-06-05 16:43:31,556 - INFO - requests - Запрос: GET /Uploads/StudentSolutions/2_1_
2025-06-05 16:43:31,566 - INFO - requests - Ответ: GET /Uploads/StudentSolutions/2_1_ - статус 304
2025-06-05 16:43:33,382 - INFO - requests - Запрос: GET /students_subtasks/T/3/
2025-06-05 16:43:33,384 - WARNING - root - Вызываем роут read_student_all_subtasks с параметрами: StudentTaskID=3
2025-06-05 16:43:33,385 - INFO - requests - Ответ: GET /students_subtasks/T/3/ - статус 200
2025-06-05 16:43:33,608 - INFO - requests - Запрос: GET /Uploads/solutions/solution_task_1_sub_1.
2025-06-05 16:43:33,608 - INFO - requests - Ответ: GET /Uploads/solutions/solution_task_1_sub_1. - статус 404
2025-06-05 16:46:34,754 - INFO - requests - Запрос: GET /students_subtasks/T/3/
2025-06-05 16:46:34,756 - WARNING - root - Вызываем роут read_student_all_subtasks с параметрами: StudentTaskID=3
2025-06-05 16:46:34,757 - INFO - requests - Ответ: GET /students_subtasks/T/3/ - статус 200
2025-06-05 16:46:34,939 - INFO - requests - Запрос: GET /Uploads/solutions/solution_task_1_sub_1.
2025-06-05 16:46:34,939 - INFO - requests - Ответ: GET /Uploads/solutions/solution_task_1_sub_1. - статус 404
2025-06-05 16:46:37,585 - INFO - requests - Запрос: GET /students_subtasks/T/3/
2025-06-05 16:46:37,587 - WARNING - root - Вызываем роут read_student_all_subtasks с параметрами: StudentTaskID=3
2025-06-05 16:46:37,588 - INFO - requests - Ответ: GET /students_subtasks/T/3/ - статус 200
2025-06-05 16:46:37,764 - INFO - requests - Запрос: GET /Uploads/solutions/solution_task_1_sub_1.
2025-06-05 16:46:37,765 - INFO - requests - Ответ: GET /Uploads/solutions/solution_task_1_sub_1. - статус 404
2025-06-05 16:46:42,732 - INFO - requests - Запрос: GET /students_subtasks/T/3/
2025-06-05 16:46:42,734 - WARNING - root - Вызываем роут read_student_all_subtasks с параметрами: StudentTaskID=3
2025-06-05 16:46:42,735 - INFO - requests - Ответ: GET /students_subtasks/T/3/ - статус 200
2025-06-05 16:46:42,910 - INFO - requests - Запрос: GET /Uploads/solutions/solution_task_1_sub_1.
2025-06-05 16:46:42,911 - INFO - requests - Ответ: GET /Uploads/solutions/solution_task_1_sub_1. - статус 404
2025-06-05 16:46:45,522 - INFO - requests - Запрос: GET /students_subtasks/StudentTasksByLogin/
2025-06-05 16:46:45,524 - INFO - Routers.students - Вызван роут с получением задач всех студентов /students_subtasks/StudentTasksByLogin
2025-06-05 16:46:45,525 - INFO - root - Запускаем функцию с вызовом хранимки. StudentID:2, CompletionStatus:None TaskID:None  SortColumn:StudentTaskID SortDirection: ASC Description: None
2025-06-05 16:46:45,531 - WARNING - root - ПАРАМЕТРЫ: StudentID=2
2025-06-05 16:46:45,542 - INFO - requests - Ответ: GET /students_subtasks/StudentTasksByLogin/ - статус 200
2025-06-05 16:46:47,236 - INFO - requests - Запрос: GET /students_subtasks/T/3
2025-06-05 16:46:47,236 - INFO - requests - Ответ: GET /students_subtasks/T/3 - статус 307
2025-06-05 16:46:47,393 - INFO - requests - Запрос: GET /students_subtasks/T/3/
2025-06-05 16:46:47,395 - WARNING - root - Вызываем роут read_student_all_subtasks с параметрами: StudentTaskID=3
2025-06-05 16:46:47,396 - INFO - requests - Ответ: GET /students_subtasks/T/3/ - статус 200
2025-06-05 16:46:47,616 - INFO - requests - Запрос: GET /Uploads/solutions/solution_task_1_sub_1.
2025-06-05 16:46:47,616 - INFO - requests - Ответ: GET /Uploads/solutions/solution_task_1_sub_1. - статус 404
2025-06-05 16:47:43,108 - INFO - requests - Запрос: GET /students_subtasks/T/3/
2025-06-05 16:47:43,109 - WARNING - root - Вызываем роут read_student_all_subtasks с параметрами: StudentTaskID=3
2025-06-05 16:47:43,110 - INFO - requests - Ответ: GET /students_subtasks/T/3/ - статус 200
2025-06-05 16:48:34,703 - INFO - root - Логирование по дням инициализировано.
2025-06-05 16:48:38,335 - INFO - requests - Запрос: GET /students_subtasks/T/3/
2025-06-05 16:48:38,365 - WARNING - root - Вызываем роут read_student_all_subtasks с параметрами: StudentTaskID=3
2025-06-05 16:48:38,374 - INFO - requests - Ответ: GET /students_subtasks/T/3/ - статус 200
2025-06-05 16:48:46,979 - INFO - requests - Запрос: POST /students_subtasks/submit-solution/
2025-06-05 16:48:47,131 - INFO - requests - Ответ: POST /students_subtasks/submit-solution/ - статус 422
2025-06-05 16:50:53,927 - INFO - root - Логирование по дням инициализировано.
2025-06-05 16:50:57,518 - INFO - requests - Запрос: GET /students_subtasks/T/3/
2025-06-05 16:50:57,550 - WARNING - root - Вызываем роут read_student_all_subtasks с параметрами: StudentTaskID=3
2025-06-05 16:50:57,558 - INFO - requests - Ответ: GET /students_subtasks/T/3/ - статус 200
2025-06-05 16:51:02,635 - INFO - requests - Запрос: POST /students_subtasks/submit-solution/
2025-06-05 16:51:31,243 - INFO - root - Логирование по дням инициализировано.
2025-06-05 16:51:34,583 - INFO - requests - Запрос: GET /students_subtasks/T/3/
2025-06-05 16:51:34,613 - WARNING - root - Вызываем роут read_student_all_subtasks с параметрами: StudentTaskID=3
2025-06-05 16:51:34,620 - INFO - requests - Ответ: GET /students_subtasks/T/3/ - статус 200
2025-06-05 16:51:42,893 - INFO - requests - Запрос: POST /students_subtasks/submit-solution/
2025-06-05 16:51:42,988 - INFO - Routers.students - Пришло решение от студента 2 по подзадаче 1
2025-06-05 16:51:42,991 - INFO - Routers.students - Файл решения сохранён по пути: Uploads/StudentSolutions/taskid_1_studID_2.png
2025-06-05 16:51:42,994 - INFO - requests - Ответ: POST /students_subtasks/submit-solution/ - статус 303
2025-06-05 16:51:43,090 - INFO - requests - Запрос: GET /students_subtasks/T/3
2025-06-05 16:51:43,090 - INFO - requests - Ответ: GET /students_subtasks/T/3 - статус 307
2025-06-05 16:51:43,249 - INFO - requests - Запрос: GET /students_subtasks/T/3/
2025-06-05 16:51:43,251 - WARNING - root - Вызываем роут read_student_all_subtasks с параметрами: StudentTaskID=3
2025-06-05 16:51:43,252 - INFO - requests - Ответ: GET /students_subtasks/T/3/ - статус 200
2025-06-05 16:51:43,514 - INFO - requests - Запрос: GET /Uploads/StudentSolutions/taskid_1_studID_2.png
2025-06-05 16:51:43,524 - INFO - requests - Ответ: GET /Uploads/StudentSolutions/taskid_1_studID_2.png - статус 200
2025-06-05 16:53:04,123 - INFO - requests - Запрос: GET /students_subtasks/T/3/
2025-06-05 16:53:04,125 - WARNING - root - Вызываем роут read_student_all_subtasks с параметрами: StudentTaskID=3
2025-06-05 16:53:04,126 - INFO - requests - Ответ: GET /students_subtasks/T/3/ - статус 200
2025-06-05 16:53:04,333 - INFO - requests - Запрос: GET /Uploads/StudentSolutions/taskid_1_studID_2.png
2025-06-05 16:53:04,334 - INFO - requests - Ответ: GET /Uploads/StudentSolutions/taskid_1_studID_2.png - статус 304
2025-06-05 16:53:09,533 - INFO - root - Логирование по дням инициализировано.
2025-06-05 16:53:18,393 - INFO - requests - Запрос: POST /students_subtasks/submit-solution/
2025-06-05 16:53:18,461 - INFO - Routers.students - Пришло решение от студента 2 по подзадаче 1
2025-06-05 16:53:18,486 - INFO - Routers.students - Файл решения сохранён по пути: Uploads/StudentSolutions/taskID_1_student_2.png
2025-06-05 16:53:18,490 - INFO - requests - Ответ: POST /students_subtasks/submit-solution/ - статус 303
2025-06-05 16:53:18,649 - INFO - requests - Запрос: GET /students_subtasks/T/3
2025-06-05 16:53:18,649 - INFO - requests - Ответ: GET /students_subtasks/T/3 - статус 307
2025-06-05 16:53:18,807 - INFO - requests - Запрос: GET /students_subtasks/T/3/
2025-06-05 16:53:18,813 - WARNING - root - Вызываем роут read_student_all_subtasks с параметрами: StudentTaskID=3
2025-06-05 16:53:18,821 - INFO - requests - Ответ: GET /students_subtasks/T/3/ - статус 200
2025-06-05 16:53:19,082 - INFO - requests - Запрос: GET /Uploads/StudentSolutions/taskID_1_student_2.png
2025-06-05 16:53:19,093 - INFO - requests - Ответ: GET /Uploads/StudentSolutions/taskID_1_student_2.png - статус 200
2025-06-05 16:53:31,457 - INFO - requests - Запрос: POST /students_subtasks/submit-solution/
2025-06-05 16:53:31,511 - INFO - Routers.students - Пришло решение от студента 2 по подзадаче 1
2025-06-05 16:53:31,539 - INFO - Routers.students - Файл решения сохранён по пути: Uploads/StudentSolutions/taskID_1_student_2.png
2025-06-05 16:53:31,550 - INFO - requests - Ответ: POST /students_subtasks/submit-solution/ - статус 303
2025-06-05 16:53:31,763 - INFO - requests - Запрос: GET /students_subtasks/T/3
2025-06-05 16:53:31,764 - INFO - requests - Ответ: GET /students_subtasks/T/3 - статус 307
2025-06-05 16:53:31,925 - INFO - requests - Запрос: GET /students_subtasks/T/3/
2025-06-05 16:53:31,927 - WARNING - root - Вызываем роут read_student_all_subtasks с параметрами: StudentTaskID=3
2025-06-05 16:53:31,928 - INFO - requests - Ответ: GET /students_subtasks/T/3/ - статус 200
2025-06-05 16:53:32,191 - INFO - requests - Запрос: GET /Uploads/StudentSolutions/taskID_1_student_2.png
2025-06-05 16:53:32,192 - INFO - requests - Ответ: GET /Uploads/StudentSolutions/taskID_1_student_2.png - статус 200
